2023-04-11 18:01:49,837 [INFO] Activator:179 - 


2023-04-11 18:01:49,838 [INFO] Activator:180 - !SESSION log4j initialized
2023-04-11 18:06:38,790 [INFO] Activator:179 - 


2023-04-11 18:06:38,791 [INFO] Activator:180 - !SESSION log4j initialized
2023-04-11 18:07:01,883 [ERROR] LogOutputStream:74 - [STDERR_REDIRECT] SLF4J: Failed to load class "org.slf4j.impl.StaticLoggerBinder".
2023-04-11 18:07:01,884 [ERROR] LogOutputStream:74 - [STDERR_REDIRECT] SLF4J: Defaulting to no-operation (NOP) logger implementation
2023-04-11 18:07:01,885 [ERROR] LogOutputStream:74 - [STDERR_REDIRECT] SLF4J: See http://www.slf4j.org/codes.html#StaticLoggerBinder for further details.
2023-04-11 18:14:38,633 [INFO] Activator:179 - 


2023-04-11 18:14:38,634 [INFO] Activator:180 - !SESSION log4j initialized
2023-04-11 18:15:03,210 [ERROR] LogOutputStream:74 - [STDERR_REDIRECT] SLF4J: Failed to load class "org.slf4j.impl.StaticLoggerBinder".
2023-04-11 18:15:03,211 [ERROR] LogOutputStream:74 - [STDERR_REDIRECT] SLF4J: Defaulting to no-operation (NOP) logger implementation
2023-04-11 18:15:03,211 [ERROR] LogOutputStream:74 - [STDERR_REDIRECT] SLF4J: See http://www.slf4j.org/codes.html#StaticLoggerBinder for further details.
2023-04-11 20:31:18,731 [INFO] Activator:179 - 


2023-04-11 20:31:18,732 [INFO] Activator:180 - !SESSION log4j initialized
2023-04-11 20:31:43,707 [ERROR] LogOutputStream:74 - [STDERR_REDIRECT] SLF4J: Failed to load class "org.slf4j.impl.StaticLoggerBinder".
2023-04-11 20:31:43,708 [ERROR] LogOutputStream:74 - [STDERR_REDIRECT] SLF4J: Defaulting to no-operation (NOP) logger implementation
2023-04-11 20:31:43,709 [ERROR] LogOutputStream:74 - [STDERR_REDIRECT] SLF4J: See http://www.slf4j.org/codes.html#StaticLoggerBinder for further details.
2023-04-11 21:08:53,755 [INFO] Activator:179 - 


2023-04-11 21:08:53,756 [INFO] Activator:180 - !SESSION log4j initialized
2023-04-11 21:09:18,337 [ERROR] LogOutputStream:74 - [STDERR_REDIRECT] SLF4J: Failed to load class "org.slf4j.impl.StaticLoggerBinder".
2023-04-11 21:09:18,338 [ERROR] LogOutputStream:74 - [STDERR_REDIRECT] SLF4J: Defaulting to no-operation (NOP) logger implementation
2023-04-11 21:09:18,339 [ERROR] LogOutputStream:74 - [STDERR_REDIRECT] SLF4J: See http://www.slf4j.org/codes.html#StaticLoggerBinder for further details.
2023-04-11 21:17:31,307 [ERROR] LogOutputStream:74 - [STDERR_REDIRECT] Exception in thread "SWV client thread" java.lang.NullPointerException
2023-04-11 21:17:31,309 [ERROR] LogOutputStream:74 - [STDERR_REDIRECT] 	at com.st.stm32cube.ide.mcu.debug.swv.core.SWVPlugin.debugTrace(SWVPlugin.java:86)
2023-04-11 21:17:31,310 [ERROR] LogOutputStream:74 - [STDERR_REDIRECT] 	at com.st.stm32cube.ide.mcu.debug.swv.core.SWVClient.TRACE(SWVClient.java:763)
2023-04-11 21:17:31,311 [ERROR] LogOutputStream:74 - [STDERR_REDIRECT] 	at com.st.stm32cube.ide.mcu.debug.swv.core.SWVClient.readByte(SWVClient.java:295)
2023-04-11 21:17:31,312 [ERROR] LogOutputStream:74 - [STDERR_REDIRECT] 	at com.st.stm32cube.ide.mcu.debug.swv.core.SWVClient.getNextByte(SWVClient.java:278)
2023-04-11 21:17:31,314 [ERROR] LogOutputStream:74 - [STDERR_REDIRECT] 	at com.st.stm32cube.ide.mcu.debug.swv.core.SWVClient.run(SWVClient.java:312)
2023-04-11 21:17:44,535 [INFO] Activator:179 - 


2023-04-11 21:17:44,536 [INFO] Activator:180 - !SESSION log4j initialized
2023-04-11 21:18:04,548 [INFO] Activator:179 - 


2023-04-11 21:18:04,549 [INFO] Activator:180 - !SESSION log4j initialized
2023-04-11 21:18:29,288 [ERROR] LogOutputStream:74 - [STDERR_REDIRECT] SLF4J: Failed to load class "org.slf4j.impl.StaticLoggerBinder".
2023-04-11 21:18:29,289 [ERROR] LogOutputStream:74 - [STDERR_REDIRECT] SLF4J: Defaulting to no-operation (NOP) logger implementation
2023-04-11 21:18:29,290 [ERROR] LogOutputStream:74 - [STDERR_REDIRECT] SLF4J: See http://www.slf4j.org/codes.html#StaticLoggerBinder for further details.
2023-04-11 21:31:49,988 [INFO] Activator:179 - 


2023-04-11 21:31:49,990 [INFO] Activator:180 - !SESSION log4j initialized
2023-04-11 21:32:14,675 [ERROR] LogOutputStream:74 - [STDERR_REDIRECT] SLF4J: Failed to load class "org.slf4j.impl.StaticLoggerBinder".
2023-04-11 21:32:14,676 [ERROR] LogOutputStream:74 - [STDERR_REDIRECT] SLF4J: Defaulting to no-operation (NOP) logger implementation
2023-04-11 21:32:14,676 [ERROR] LogOutputStream:74 - [STDERR_REDIRECT] SLF4J: See http://www.slf4j.org/codes.html#StaticLoggerBinder for further details.
