16:51:05 **** Incremental Build of configuration Debug for project MFS User Interface Design2 ****
make -j16 all 
arm-none-eabi-gcc "../Core/Src/main.c" -mcpu=cortex-m4 -std=gnu11 -g3 -DDEBUG -DUSE_HAL_DRIVER -DSTM32F446xx -c -I../Core/Inc -I../Drivers/STM32F4xx_HAL_Driver/Inc -I../Drivers/STM32F4xx_HAL_Driver/Inc/Legacy -I../Drivers/CMSIS/Device/ST/STM32F4xx/Include -I../Drivers/CMSIS/Include -O0 -ffunction-sections -fdata-sections -Wall -fstack-usage -MMD -MP -MF"Core/Src/main.d" -MT"Core/Src/main.o" --specs=nano.specs -mfpu=fpv4-sp-d16 -mfloat-abi=hard -mthumb -o "Core/Src/main.o"
../Core/Src/main.c: In function 'main':
../Core/Src/main.c:136:9: warning: implicit declaration of function 'memset' [-Wimplicit-function-declaration]
  136 |         memset(tx_data,'T',2);
      |         ^~~~~~
../Core/Src/main.c:136:9: warning: incompatible implicit declaration of built-in function 'memset'
../Core/Src/main.c:26:1: note: include '<string.h>' or provide a declaration of 'memset'
   25 | #include<stdlib.h>
  +++ |+#include <string.h>
   26 | /* USER CODE END Includes */
../Core/Src/main.c:137:45: warning: implicit declaration of function 'strlen' [-Wimplicit-function-declaration]
  137 |         HAL_UART_Transmit(&huart5, tx_data, strlen(tx_data),100);
      |                                             ^~~~~~
../Core/Src/main.c:137:45: warning: incompatible implicit declaration of built-in function 'strlen'
../Core/Src/main.c:137:45: note: include '<string.h>' or provide a declaration of 'strlen'
../Core/Src/main.c:137:36: warning: pointer targets in passing argument 2 of 'HAL_UART_Transmit' differ in signedness [-Wpointer-sign]
  137 |         HAL_UART_Transmit(&huart5, tx_data, strlen(tx_data),100);
      |                                    ^~~~~~~
      |                                    |
      |                                    char *
In file included from ../Core/Inc/stm32f4xx_hal_conf.h:407,
                 from ../Drivers/STM32F4xx_HAL_Driver/Inc/stm32f4xx_hal.h:30,
                 from ../Core/Inc/main.h:30,
                 from ../Core/Src/main.c:20:
../Drivers/STM32F4xx_HAL_Driver/Inc/stm32f4xx_hal_uart.h:723:73: note: expected 'uint8_t *' {aka 'unsigned char *'} but argument is of type 'char *'
  723 | HAL_StatusTypeDef HAL_UART_Transmit(UART_HandleTypeDef *huart, uint8_t *pData, uint16_t Size, uint32_t Timeout);
      |                                                                ~~~~~~~~~^~~~~
arm-none-eabi-gcc -o "MFS User Interface Design2.elf" @"objects.list"   -mcpu=cortex-m4 -T"C:\Dutah Yukesh\Dutah-Sounding-Rocket-Avionics\Dutah-Sounding-Rocket-Avionics\Design\Motor Firing System\MFS Firmware Workspace\MFS User Interface Design2\STM32F446RETX_FLASH.ld" --specs=nosys.specs -Wl,-Map="MFS User Interface Design2.map" -Wl,--gc-sections -static --specs=nano.specs -mfpu=fpv4-sp-d16 -mfloat-abi=hard -mthumb -Wl,--start-group -lc -lm -Wl,--end-group
Finished building target: MFS User Interface Design2.elf
 
arm-none-eabi-size   MFS\ User\ Interface\ Design2.elf 
arm-none-eabi-objdump -h -S  MFS\ User\ Interface\ Design2.elf  > "MFS User Interface Design2.list"
arm-none-eabi-objcopy  -O binary  MFS\ User\ Interface\ Design2.elf  "MFS User Interface Design2.bin"
   text	   data	    bss	    dec	    hex	filename
   8952	     20	   1644	  10616	   2978	MFS User Interface Design2.elf
Finished building: default.size.stdout
 
Finished building: MFS User Interface Design2.bin
 
Finished building: MFS User Interface Design2.list
 
16:51:16 **** Incremental Build of configuration Debug for project MFS User Interface Design2 ****
make -j16 all 
arm-none-eabi-size   MFS\ User\ Interface\ Design2.elf 
   text	   data	    bss	    dec	    hex	filename
   8952	     20	   1644	  10616	   2978	MFS User Interface Design2.elf
Finished building: default.size.stdout
 
18:57:19 **** Incremental Build of configuration Debug for project MFS User Interface Design2 ****
make -j16 all 
arm-none-eabi-size   MFS\ User\ Interface\ Design2.elf 
   text	   data	    bss	    dec	    hex	filename
   8952	     20	   1644	  10616	   2978	MFS User Interface Design2.elf
Finished building: default.size.stdout
 
22:52:51 **** Build of configuration Debug for project MFS User Interface Design2 ****
make -j16 all 
arm-none-eabi-size   MFS\ User\ Interface\ Design2.elf 
   text	   data	    bss	    dec	    hex	filename
   8952	     20	   1644	  10616	   2978	MFS User Interface Design2.elf
Finished building: default.size.stdout
 
23:06:44 **** Incremental Build of configuration Debug for project MFS User Interface Design2 ****
make -j16 all 
arm-none-eabi-size   MFS\ User\ Interface\ Design2.elf 
   text	   data	    bss	    dec	    hex	filename
   8952	     20	   1644	  10616	   2978	MFS User Interface Design2.elf
Finished building: default.size.stdout
 
23:07:48 **** Incremental Build of configuration Debug for project MFS User Interface Design2 ****
make -j16 all 
arm-none-eabi-size   MFS\ User\ Interface\ Design2.elf 
   text	   data	    bss	    dec	    hex	filename
   8952	     20	   1644	  10616	   2978	MFS User Interface Design2.elf
Finished building: default.size.stdout
 
