18:19:36 **** Incremental Build of configuration Debug for project GMFS_1 ****
make -j16 all 
arm-none-eabi-gcc "../Core/Src/main.c" -mcpu=cortex-m4 -std=gnu11 -g3 -DDEBUG -DUSE_HAL_DRIVER -DSTM32F446xx -c -I../Core/Inc -I../Drivers/STM32F4xx_HAL_Driver/Inc -I../Drivers/STM32F4xx_HAL_Driver/Inc/Legacy -I../Drivers/CMSIS/Device/ST/STM32F4xx/Include -I../Drivers/CMSIS/Include -O0 -ffunction-sections -fdata-sections -Wall -fstack-usage -MMD -MP -MF"Core/Src/main.d" -MT"Core/Src/main.o" --specs=nano.specs -mfpu=fpv4-sp-d16 -mfloat-abi=hard -mthumb -o "Core/Src/main.o"
../Core/Src/main.c: In function 'main':
../Core/Src/main.c:114:31: warning: pointer targets in passing argument 2 of 'HAL_UART_Receive_DMA' differ in signedness [-Wpointer-sign]
  114 | HAL_UART_Receive_DMA(&huart1, rx_data, sizeof(rx_data));
      |                               ^~~~~~~
      |                               |
      |                               char *
In file included from ../Core/Inc/stm32f4xx_hal_conf.h:406,
                 from ../Drivers/STM32F4xx_HAL_Driver/Inc/stm32f4xx_hal.h:29,
                 from ../Core/Inc/main.h:30,
                 from ../Core/Src/main.c:20:
../Drivers/STM32F4xx_HAL_Driver/Inc/stm32f4xx_hal_uart.h:727:76: note: expected 'uint8_t *' {aka 'unsigned char *'} but argument is of type 'char *'
  727 | HAL_StatusTypeDef HAL_UART_Receive_DMA(UART_HandleTypeDef *huart, uint8_t *pData, uint16_t Size);
      |                                                                   ~~~~~~~~~^~~~~
../Core/Src/main.c:126:31: warning: pointer targets in passing argument 2 of 'HAL_UART_Transmit' differ in signedness [-Wpointer-sign]
  126 |    HAL_UART_Transmit(&huart1, key, sizeof(key), 100);
      |                               ^~~
      |                               |
      |                               char *
In file included from ../Core/Inc/stm32f4xx_hal_conf.h:406,
                 from ../Drivers/STM32F4xx_HAL_Driver/Inc/stm32f4xx_hal.h:29,
                 from ../Core/Inc/main.h:30,
                 from ../Core/Src/main.c:20:
../Drivers/STM32F4xx_HAL_Driver/Inc/stm32f4xx_hal_uart.h:722:79: note: expected 'const uint8_t *' {aka 'const unsigned char *'} but argument is of type 'char *'
  722 | HAL_StatusTypeDef HAL_UART_Transmit(UART_HandleTypeDef *huart, const uint8_t *pData, uint16_t Size, uint32_t Timeout);
      |                                                                ~~~~~~~~~~~~~~~^~~~~
../Core/Src/main.c:133:32: warning: pointer targets in passing argument 2 of 'HAL_UART_Transmit' differ in signedness [-Wpointer-sign]
  133 |     HAL_UART_Transmit(&huart1, error, sizeof(error), 100);
      |                                ^~~~~
      |                                |
      |                                char *
In file included from ../Core/Inc/stm32f4xx_hal_conf.h:406,
                 from ../Drivers/STM32F4xx_HAL_Driver/Inc/stm32f4xx_hal.h:29,
                 from ../Core/Inc/main.h:30,
                 from ../Core/Src/main.c:20:
../Drivers/STM32F4xx_HAL_Driver/Inc/stm32f4xx_hal_uart.h:722:79: note: expected 'const uint8_t *' {aka 'const unsigned char *'} but argument is of type 'char *'
  722 | HAL_StatusTypeDef HAL_UART_Transmit(UART_HandleTypeDef *huart, const uint8_t *pData, uint16_t Size, uint32_t Timeout);
      |                                                                ~~~~~~~~~~~~~~~^~~~~
../Core/Src/main.c:139:33: warning: pointer targets in passing argument 2 of 'HAL_UART_Transmit' differ in signedness [-Wpointer-sign]
  139 |      HAL_UART_Transmit(&huart1, arm, sizeof(arm), 100);
      |                                 ^~~
      |                                 |
      |                                 char *
In file included from ../Core/Inc/stm32f4xx_hal_conf.h:406,
                 from ../Drivers/STM32F4xx_HAL_Driver/Inc/stm32f4xx_hal.h:29,
                 from ../Core/Inc/main.h:30,
                 from ../Core/Src/main.c:20:
../Drivers/STM32F4xx_HAL_Driver/Inc/stm32f4xx_hal_uart.h:722:79: note: expected 'const uint8_t *' {aka 'const unsigned char *'} but argument is of type 'char *'
  722 | HAL_StatusTypeDef HAL_UART_Transmit(UART_HandleTypeDef *huart, const uint8_t *pData, uint16_t Size, uint32_t Timeout);
      |                                                                ~~~~~~~~~~~~~~~^~~~~
../Core/Src/main.c:142:33: warning: pointer targets in passing argument 2 of 'HAL_UART_Transmit' differ in signedness [-Wpointer-sign]
  142 |      HAL_UART_Transmit(&huart1, error, sizeof(error), 100);
      |                                 ^~~~~
      |                                 |
      |                                 char *
In file included from ../Core/Inc/stm32f4xx_hal_conf.h:406,
                 from ../Drivers/STM32F4xx_HAL_Driver/Inc/stm32f4xx_hal.h:29,
                 from ../Core/Inc/main.h:30,
                 from ../Core/Src/main.c:20:
../Drivers/STM32F4xx_HAL_Driver/Inc/stm32f4xx_hal_uart.h:722:79: note: expected 'const uint8_t *' {aka 'const unsigned char *'} but argument is of type 'char *'
  722 | HAL_StatusTypeDef HAL_UART_Transmit(UART_HandleTypeDef *huart, const uint8_t *pData, uint16_t Size, uint32_t Timeout);
      |                                                                ~~~~~~~~~~~~~~~^~~~~
../Core/Src/main.c:145:34: warning: pointer targets in passing argument 2 of 'HAL_UART_Transmit' differ in signedness [-Wpointer-sign]
  145 |       HAL_UART_Transmit(&huart1, launch, sizeof(launch), 100);
      |                                  ^~~~~~
      |                                  |
      |                                  char *
In file included from ../Core/Inc/stm32f4xx_hal_conf.h:406,
                 from ../Drivers/STM32F4xx_HAL_Driver/Inc/stm32f4xx_hal.h:29,
                 from ../Core/Inc/main.h:30,
                 from ../Core/Src/main.c:20:
../Drivers/STM32F4xx_HAL_Driver/Inc/stm32f4xx_hal_uart.h:722:79: note: expected 'const uint8_t *' {aka 'const unsigned char *'} but argument is of type 'char *'
  722 | HAL_StatusTypeDef HAL_UART_Transmit(UART_HandleTypeDef *huart, const uint8_t *pData, uint16_t Size, uint32_t Timeout);
      |                                                                ~~~~~~~~~~~~~~~^~~~~
../Core/Src/main.c:150:35: warning: pointer targets in passing argument 2 of 'HAL_UART_Transmit' differ in signedness [-Wpointer-sign]
  150 |        HAL_UART_Transmit(&huart1, ignite, sizeof(ignite), 100);
      |                                   ^~~~~~
      |                                   |
      |                                   char *
In file included from ../Core/Inc/stm32f4xx_hal_conf.h:406,
                 from ../Drivers/STM32F4xx_HAL_Driver/Inc/stm32f4xx_hal.h:29,
                 from ../Core/Inc/main.h:30,
                 from ../Core/Src/main.c:20:
../Drivers/STM32F4xx_HAL_Driver/Inc/stm32f4xx_hal_uart.h:722:79: note: expected 'const uint8_t *' {aka 'const unsigned char *'} but argument is of type 'char *'
  722 | HAL_StatusTypeDef HAL_UART_Transmit(UART_HandleTypeDef *huart, const uint8_t *pData, uint16_t Size, uint32_t Timeout);
      |                                                                ~~~~~~~~~~~~~~~^~~~~
../Core/Src/main.c:160:35: warning: pointer targets in passing argument 2 of 'HAL_UART_Transmit' differ in signedness [-Wpointer-sign]
  160 |        HAL_UART_Transmit(&huart1, error, sizeof(error), 100);
      |                                   ^~~~~
      |                                   |
      |                                   char *
In file included from ../Core/Inc/stm32f4xx_hal_conf.h:406,
                 from ../Drivers/STM32F4xx_HAL_Driver/Inc/stm32f4xx_hal.h:29,
                 from ../Core/Inc/main.h:30,
                 from ../Core/Src/main.c:20:
../Drivers/STM32F4xx_HAL_Driver/Inc/stm32f4xx_hal_uart.h:722:79: note: expected 'const uint8_t *' {aka 'const unsigned char *'} but argument is of type 'char *'
  722 | HAL_StatusTypeDef HAL_UART_Transmit(UART_HandleTypeDef *huart, const uint8_t *pData, uint16_t Size, uint32_t Timeout);
      |                                                                ~~~~~~~~~~~~~~~^~~~~
../Core/Src/main.c:174:30: warning: pointer targets in passing argument 2 of 'HAL_UART_Transmit' differ in signedness [-Wpointer-sign]
  174 |   HAL_UART_Transmit(&huart1, kill, sizeof(kill), 100);
      |                              ^~~~
      |                              |
      |                              char *
In file included from ../Core/Inc/stm32f4xx_hal_conf.h:406,
                 from ../Drivers/STM32F4xx_HAL_Driver/Inc/stm32f4xx_hal.h:29,
                 from ../Core/Inc/main.h:30,
                 from ../Core/Src/main.c:20:
../Drivers/STM32F4xx_HAL_Driver/Inc/stm32f4xx_hal_uart.h:722:79: note: expected 'const uint8_t *' {aka 'const unsigned char *'} but argument is of type 'char *'
  722 | HAL_StatusTypeDef HAL_UART_Transmit(UART_HandleTypeDef *huart, const uint8_t *pData, uint16_t Size, uint32_t Timeout);
      |                                                                ~~~~~~~~~~~~~~~^~~~~
../Core/Src/main.c:237:13: error: invalid storage class for function 'MX_USART1_UART_Init'
  237 | static void MX_USART1_UART_Init(void)
      |             ^~~~~~~~~~~~~~~~~~~
../Core/Src/main.c:268:13: error: invalid storage class for function 'MX_DMA_Init'
  268 | static void MX_DMA_Init(void)
      |             ^~~~~~~~~~~
../Core/Src/main.c:289:13: error: invalid storage class for function 'MX_GPIO_Init'
  289 | static void MX_GPIO_Init(void)
      |             ^~~~~~~~~~~~
../Core/Src/main.c: At top level:
../Core/Src/main.c:53:13: warning: 'MX_GPIO_Init' used but never defined
   53 | static void MX_GPIO_Init(void);
      |             ^~~~~~~~~~~~
../Core/Src/main.c:54:13: warning: 'MX_DMA_Init' used but never defined
   54 | static void MX_DMA_Init(void);
      |             ^~~~~~~~~~~
../Core/Src/main.c:55:13: warning: 'MX_USART1_UART_Init' used but never defined
   55 | static void MX_USART1_UART_Init(void);
      |             ^~~~~~~~~~~~~~~~~~~
../Core/Src/main.c:341:6: warning: 'Error_Handler' defined but not used [-Wunused-function]
  341 | void Error_Handler(void)
      |      ^~~~~~~~~~~~~
../Core/Src/main.c:289:13: warning: 'MX_GPIO_Init' defined but not used [-Wunused-function]
  289 | static void MX_GPIO_Init(void)
      |             ^~~~~~~~~~~~
../Core/Src/main.c:268:13: warning: 'MX_DMA_Init' defined but not used [-Wunused-function]
  268 | static void MX_DMA_Init(void)
      |             ^~~~~~~~~~~
../Core/Src/main.c:237:13: warning: 'MX_USART1_UART_Init' defined but not used [-Wunused-function]
  237 | static void MX_USART1_UART_Init(void)
      |             ^~~~~~~~~~~~~~~~~~~
../Core/Src/main.c:182:6: warning: 'SystemClock_Config' defined but not used [-Wunused-function]
  182 | void SystemClock_Config(void)
      |      ^~~~~~~~~~~~~~~~~~
make: *** [Core/Src/subdir.mk:34: Core/Src/main.o] Error 1
"make -j16 all" terminated with exit code 2. Build might be incomplete.

18:19:36 Build Failed. 4 errors, 17 warnings. (took 211ms)

