19:39:35 **** Incremental Build of configuration Debug for project CPM_Voltage_Sense_Int_Gyro_Acc_test_Int_Motor_Temp_Test ****
make -j16 all 
arm-none-eabi-gcc "../Core/Src/main.c" -mcpu=cortex-m4 -std=gnu11 -g3 -DDEBUG -DUSE_HAL_DRIVER -DSTM32F446xx -c -I../Core/Inc -I../Drivers/STM32F4xx_HAL_Driver/Inc -I../Drivers/STM32F4xx_HAL_Driver/Inc/Legacy -I../Drivers/CMSIS/Device/ST/STM32F4xx/Include -I../Drivers/CMSIS/Include -O0 -ffunction-sections -fdata-sections -Wall -fstack-usage -MMD -MP -MF"Core/Src/main.d" -MT"Core/Src/main.o" --specs=nano.specs -mfpu=fpv4-sp-d16 -mfloat-abi=hard -mthumb -o "Core/Src/main.o"
arm-none-eabi-gcc -o "CPM_Voltage_Sense_Int_Gyro_Acc_test_Int_Motor_Temp_Test.elf" @"objects.list"   -mcpu=cortex-m4 -T"C:\Users\student\STM32CubeIDE\workspace_1.8.1\CPM_Voltage_Sense_Int_Gyro_Acc_test_Int_Motor_Temp_Test\STM32F446RETX_FLASH.ld" --specs=nosys.specs -Wl,-Map="CPM_Voltage_Sense_Int_Gyro_Acc_test_Int_Motor_Temp_Test.map" -Wl,--gc-sections -static --specs=nano.specs -mfpu=fpv4-sp-d16 -mfloat-abi=hard -mthumb -Wl,--start-group -lc -lm -Wl,--end-group
Finished building target: CPM_Voltage_Sense_Int_Gyro_Acc_test_Int_Motor_Temp_Test.elf
 
arm-none-eabi-size   CPM_Voltage_Sense_Int_Gyro_Acc_test_Int_Motor_Temp_Test.elf 
arm-none-eabi-objdump -h -S  CPM_Voltage_Sense_Int_Gyro_Acc_test_Int_Motor_Temp_Test.elf  > "CPM_Voltage_Sense_Int_Gyro_Acc_test_Int_Motor_Temp_Test.list"
   text	   data	    bss	    dec	    hex	filename
  22800	     28	   2036	  24864	   6120	CPM_Voltage_Sense_Int_Gyro_Acc_test_Int_Motor_Temp_Test.elf
Finished building: default.size.stdout
 
Finished building: CPM_Voltage_Sense_Int_Gyro_Acc_test_Int_Motor_Temp_Test.list
 
19:39:40 **** Incremental Build of configuration Debug for project CPM_Voltage_Sense_Int_Gyro_Acc_test_Int_Motor_Temp_Test ****
make -j16 all 
arm-none-eabi-size   CPM_Voltage_Sense_Int_Gyro_Acc_test_Int_Motor_Temp_Test.elf 
   text	   data	    bss	    dec	    hex	filename
  22800	     28	   2036	  24864	   6120	CPM_Voltage_Sense_Int_Gyro_Acc_test_Int_Motor_Temp_Test.elf
Finished building: default.size.stdout
 
19:43:36 **** Incremental Build of configuration Debug for project CPM_Voltage_Sense_Int_Gyro_Acc_test_Int_Motor_Temp_Test ****
make -j16 all 
arm-none-eabi-size   CPM_Voltage_Sense_Int_Gyro_Acc_test_Int_Motor_Temp_Test.elf 
   text	   data	    bss	    dec	    hex	filename
  22800	     28	   2036	  24864	   6120	CPM_Voltage_Sense_Int_Gyro_Acc_test_Int_Motor_Temp_Test.elf
Finished building: default.size.stdout
 
