2023-04-08 14:57:23,775 [INFO] Activator:179 - 


2023-04-08 14:57:23,775 [INFO] Activator:180 - !SESSION log4j initialized
2023-04-08 14:57:26,376 [ERROR] ConfigurationRetriever:140 - IOException on connection: citools.st.com
2023-04-08 14:57:26,376 [ERROR] ConfigurationRetriever:140 - IOException on connection: citools.st.com
2023-04-08 14:57:26,376 [ERROR] ConfigurationRetriever:140 - IOException on connection: citools.st.com
2023-04-08 14:57:46,551 [ERROR] LogOutputStream:74 - [STDERR_REDIRECT] SLF4J: Failed to load class "org.slf4j.impl.StaticLoggerBinder".
2023-04-08 14:57:46,551 [ERROR] LogOutputStream:74 - [STDERR_REDIRECT] SLF4J: Defaulting to no-operation (NOP) logger implementation
2023-04-08 14:57:46,565 [ERROR] LogOutputStream:74 - [STDERR_REDIRECT] SLF4J: See http://www.slf4j.org/codes.html#StaticLoggerBinder for further details.
2023-04-08 14:57:50,120 [ERROR] ConfigurationRetriever:140 - IOException on connection: citools.st.com
2023-04-08 14:57:50,120 [ERROR] ConfigurationRetriever:140 - IOException on connection: citools.st.com
2023-04-08 14:57:50,120 [ERROR] ConfigurationRetriever:140 - IOException on connection: citools.st.com
2023-04-08 14:57:57,211 [ERROR] ConfigurationRetriever:140 - IOException on connection: citools.st.com
2023-04-08 14:57:57,221 [ERROR] ConfigurationRetriever:140 - IOException on connection: citools.st.com
2023-04-08 14:57:57,221 [ERROR] ConfigurationRetriever:140 - IOException on connection: citools.st.com
2023-04-08 14:58:02,059 [ERROR] ConfigurationRetriever:140 - IOException on connection: citools.st.com
2023-04-08 14:58:02,059 [ERROR] ConfigurationRetriever:140 - IOException on connection: citools.st.com
2023-04-08 14:58:02,059 [ERROR] ConfigurationRetriever:140 - IOException on connection: citools.st.com
2023-04-08 14:58:15,842 [ERROR] ConfigurationRetriever:140 - IOException on connection: citools.st.com
2023-04-08 14:58:15,842 [ERROR] ConfigurationRetriever:140 - IOException on connection: citools.st.com
2023-04-08 14:58:15,842 [ERROR] ConfigurationRetriever:140 - IOException on connection: citools.st.com
2023-04-08 14:58:27,117 [ERROR] ConfigurationRetriever:140 - IOException on connection: citools.st.com
2023-04-08 14:58:27,117 [ERROR] ConfigurationRetriever:140 - IOException on connection: citools.st.com
2023-04-08 14:58:27,117 [ERROR] ConfigurationRetriever:140 - IOException on connection: citools.st.com
2023-04-08 14:58:31,954 [ERROR] ConfigurationRetriever:140 - IOException on connection: citools.st.com
2023-04-08 14:58:31,954 [ERROR] ConfigurationRetriever:140 - IOException on connection: citools.st.com
2023-04-08 14:58:31,954 [ERROR] ConfigurationRetriever:140 - IOException on connection: citools.st.com
2023-04-08 14:58:46,219 [ERROR] ConfigurationRetriever:140 - IOException on connection: citools.st.com
2023-04-08 14:58:46,219 [ERROR] ConfigurationRetriever:140 - IOException on connection: citools.st.com
2023-04-08 14:58:46,219 [ERROR] ConfigurationRetriever:140 - IOException on connection: citools.st.com
2023-04-08 14:58:46,290 [ERROR] ConfigurationRetriever:140 - IOException on connection: citools.st.com
2023-04-08 14:58:46,290 [ERROR] ConfigurationRetriever:140 - IOException on connection: citools.st.com
2023-04-08 14:58:46,290 [ERROR] ConfigurationRetriever:140 - IOException on connection: citools.st.com
2023-04-08 14:58:58,141 [ERROR] ConfigurationRetriever:140 - IOException on connection: citools.st.com
2023-04-08 14:58:58,141 [ERROR] ConfigurationRetriever:140 - IOException on connection: citools.st.com
2023-04-08 14:58:58,141 [ERROR] ConfigurationRetriever:140 - IOException on connection: citools.st.com
2023-04-08 14:59:00,902 [ERROR] ConfigurationRetriever:140 - IOException on connection: citools.st.com
2023-04-08 14:59:00,902 [ERROR] ConfigurationRetriever:140 - IOException on connection: citools.st.com
2023-04-08 14:59:00,902 [ERROR] ConfigurationRetriever:140 - IOException on connection: citools.st.com
2023-04-08 14:59:03,284 [ERROR] ConfigurationRetriever:140 - IOException on connection: citools.st.com
2023-04-08 14:59:03,294 [ERROR] ConfigurationRetriever:140 - IOException on connection: citools.st.com
2023-04-08 14:59:03,294 [ERROR] ConfigurationRetriever:140 - IOException on connection: citools.st.com
2023-04-08 14:59:07,352 [ERROR] ConfigurationRetriever:140 - IOException on connection: citools.st.com
2023-04-08 14:59:07,352 [ERROR] ConfigurationRetriever:140 - IOException on connection: citools.st.com
2023-04-08 14:59:07,352 [ERROR] ConfigurationRetriever:140 - IOException on connection: citools.st.com
2023-04-08 14:59:08,860 [ERROR] ConfigurationRetriever:140 - IOException on connection: citools.st.com
2023-04-08 14:59:08,860 [ERROR] ConfigurationRetriever:140 - IOException on connection: citools.st.com
2023-04-08 14:59:08,860 [ERROR] ConfigurationRetriever:140 - IOException on connection: citools.st.com
2023-04-08 14:59:12,727 [ERROR] ConfigurationRetriever:140 - IOException on connection: citools.st.com
2023-04-08 14:59:12,727 [ERROR] ConfigurationRetriever:140 - IOException on connection: citools.st.com
2023-04-08 14:59:12,727 [ERROR] ConfigurationRetriever:140 - IOException on connection: citools.st.com
2023-04-08 14:59:14,466 [ERROR] ConfigurationRetriever:140 - IOException on connection: citools.st.com
2023-04-08 14:59:14,466 [ERROR] ConfigurationRetriever:140 - IOException on connection: citools.st.com
2023-04-08 14:59:14,466 [ERROR] ConfigurationRetriever:140 - IOException on connection: citools.st.com
2023-04-08 14:59:17,339 [ERROR] ConfigurationRetriever:140 - IOException on connection: citools.st.com
2023-04-08 14:59:17,339 [ERROR] ConfigurationRetriever:140 - IOException on connection: citools.st.com
2023-04-08 14:59:17,339 [ERROR] ConfigurationRetriever:140 - IOException on connection: citools.st.com
2023-04-08 14:59:20,611 [ERROR] ConfigurationRetriever:140 - IOException on connection: citools.st.com
2023-04-08 14:59:20,611 [ERROR] ConfigurationRetriever:140 - IOException on connection: citools.st.com
2023-04-08 14:59:20,611 [ERROR] ConfigurationRetriever:140 - IOException on connection: citools.st.com
2023-04-08 14:59:23,384 [ERROR] ConfigurationRetriever:140 - IOException on connection: citools.st.com
2023-04-08 14:59:23,384 [ERROR] ConfigurationRetriever:140 - IOException on connection: citools.st.com
2023-04-08 14:59:23,384 [ERROR] ConfigurationRetriever:140 - IOException on connection: citools.st.com
2023-04-08 14:59:26,825 [ERROR] ConfigurationRetriever:140 - IOException on connection: citools.st.com
2023-04-08 14:59:26,825 [ERROR] ConfigurationRetriever:140 - IOException on connection: citools.st.com
2023-04-08 14:59:26,825 [ERROR] ConfigurationRetriever:140 - IOException on connection: citools.st.com
2023-04-08 14:59:29,634 [ERROR] ConfigurationRetriever:140 - IOException on connection: citools.st.com
2023-04-08 14:59:29,634 [ERROR] ConfigurationRetriever:140 - IOException on connection: citools.st.com
2023-04-08 14:59:29,634 [ERROR] ConfigurationRetriever:140 - IOException on connection: citools.st.com
2023-04-08 14:59:33,727 [ERROR] ConfigurationRetriever:140 - IOException on connection: citools.st.com
2023-04-08 14:59:33,727 [ERROR] ConfigurationRetriever:140 - IOException on connection: citools.st.com
2023-04-08 14:59:33,727 [ERROR] ConfigurationRetriever:140 - IOException on connection: citools.st.com
2023-04-08 14:59:36,509 [ERROR] ConfigurationRetriever:140 - IOException on connection: citools.st.com
2023-04-08 14:59:36,519 [ERROR] ConfigurationRetriever:140 - IOException on connection: citools.st.com
2023-04-08 14:59:36,519 [ERROR] ConfigurationRetriever:140 - IOException on connection: citools.st.com
2023-04-08 14:59:39,928 [ERROR] ConfigurationRetriever:140 - IOException on connection: citools.st.com
2023-04-08 14:59:39,928 [ERROR] ConfigurationRetriever:140 - IOException on connection: citools.st.com
2023-04-08 14:59:39,928 [ERROR] ConfigurationRetriever:140 - IOException on connection: citools.st.com
2023-04-08 14:59:53,132 [ERROR] ConfigurationRetriever:140 - IOException on connection: citools.st.com
2023-04-08 14:59:53,132 [ERROR] ConfigurationRetriever:140 - IOException on connection: citools.st.com
2023-04-08 14:59:53,132 [ERROR] ConfigurationRetriever:140 - IOException on connection: citools.st.com
2023-04-08 14:59:57,151 [ERROR] ConfigurationRetriever:140 - IOException on connection: citools.st.com
2023-04-08 14:59:57,151 [ERROR] ConfigurationRetriever:140 - IOException on connection: citools.st.com
2023-04-08 14:59:57,151 [ERROR] ConfigurationRetriever:140 - IOException on connection: citools.st.com
2023-04-08 15:00:00,482 [ERROR] ConfigurationRetriever:140 - IOException on connection: citools.st.com
2023-04-08 15:00:00,482 [ERROR] ConfigurationRetriever:140 - IOException on connection: citools.st.com
2023-04-08 15:00:00,482 [ERROR] ConfigurationRetriever:140 - IOException on connection: citools.st.com
2023-04-08 15:00:07,232 [ERROR] ConfigurationRetriever:140 - IOException on connection: citools.st.com
2023-04-08 15:00:07,232 [ERROR] ConfigurationRetriever:140 - IOException on connection: citools.st.com
2023-04-08 15:00:07,232 [ERROR] ConfigurationRetriever:140 - IOException on connection: citools.st.com
2023-04-08 15:00:10,691 [ERROR] ConfigurationRetriever:140 - IOException on connection: citools.st.com
2023-04-08 15:00:10,701 [ERROR] ConfigurationRetriever:140 - IOException on connection: citools.st.com
2023-04-08 15:00:10,701 [ERROR] ConfigurationRetriever:140 - IOException on connection: citools.st.com
2023-04-08 15:00:39,777 [ERROR] ConfigurationRetriever:140 - IOException on connection: citools.st.com
2023-04-08 15:00:39,777 [ERROR] ConfigurationRetriever:140 - IOException on connection: citools.st.com
2023-04-08 15:00:39,777 [ERROR] ConfigurationRetriever:140 - IOException on connection: citools.st.com
2023-04-08 17:23:20,757 [INFO] Activator:179 - 


2023-04-08 17:23:20,757 [INFO] Activator:180 - !SESSION log4j initialized
2023-04-08 17:23:23,656 [ERROR] ConfigurationRetriever:140 - IOException on connection: citools.st.com
2023-04-08 17:23:23,657 [ERROR] ConfigurationRetriever:140 - IOException on connection: citools.st.com
2023-04-08 17:23:23,658 [ERROR] ConfigurationRetriever:140 - IOException on connection: citools.st.com
2023-04-08 17:23:42,944 [ERROR] ConfigurationRetriever:140 - IOException on connection: citools.st.com
2023-04-08 17:23:42,944 [ERROR] ConfigurationRetriever:140 - IOException on connection: citools.st.com
2023-04-08 17:23:42,944 [ERROR] ConfigurationRetriever:140 - IOException on connection: citools.st.com
2023-04-08 17:23:43,964 [ERROR] LogOutputStream:74 - [STDERR_REDIRECT] SLF4J: Failed to load class "org.slf4j.impl.StaticLoggerBinder".
2023-04-08 17:23:43,964 [ERROR] LogOutputStream:74 - [STDERR_REDIRECT] SLF4J: Defaulting to no-operation (NOP) logger implementation
2023-04-08 17:23:43,964 [ERROR] LogOutputStream:74 - [STDERR_REDIRECT] SLF4J: See http://www.slf4j.org/codes.html#StaticLoggerBinder for further details.
2023-04-08 17:23:53,642 [ERROR] ConfigurationRetriever:140 - IOException on connection: citools.st.com
2023-04-08 17:23:53,642 [ERROR] ConfigurationRetriever:140 - IOException on connection: citools.st.com
2023-04-08 17:23:53,642 [ERROR] ConfigurationRetriever:140 - IOException on connection: citools.st.com
2023-04-08 17:45:06,862 [ERROR] ConfigurationRetriever:140 - IOException on connection: citools.st.com
2023-04-08 17:45:06,862 [ERROR] ConfigurationRetriever:140 - IOException on connection: citools.st.com
2023-04-08 17:45:06,862 [ERROR] ConfigurationRetriever:140 - IOException on connection: citools.st.com
2023-04-08 17:45:25,367 [INFO] McuFinderGlobals:52 - Set McuFinder mode to 2 (CubeIDE integrated)
2023-04-08 17:45:29,421 [INFO] ApplicationProperties:181 - Using Application install path: C:\ST\STM32CubeIDE_1.8.0\STM32CubeIDE\plugins\com.st.stm32cube.common.mx_6.7.0.202301130839
2023-04-08 17:45:29,433 [INFO] DbMcusXml:77 - Set database path to: C:\ST\STM32CubeIDE_1.8.0\STM32CubeIDE\plugins\com.st.stm32cube.common.mx_6.7.0.202301130839\\db\/mcu/
2023-04-08 17:45:29,433 [INFO] ApiDb:273 - Set plugin database path to: C:\ST\STM32CubeIDE_1.8.0\STM32CubeIDE\plugins\com.st.stm32cube.common.mx_6.7.0.202301130839\\db\/plugins/boardmanager/
2023-04-08 17:45:29,433 [WARN] ApiDb:258 - Overriding images path with different value:  => C:\ST\STM32CubeIDE_1.8.0\STM32CubeIDE\plugins\com.st.stm32cube.common.mx_6.7.0.202301130839\\db\/plugins/mcufinder/images/
2023-04-08 17:45:29,441 [INFO] ApiDb:249 - Set database path to: C:\Users\student\.stmcufinder\plugins\mcufinder//mcu/
2023-04-08 17:45:29,441 [INFO] DbMcusAds:124 - Set database path to: C:\Users\student\.stmcufinder\plugins\mcufinder//mcu/
2023-04-08 17:45:29,451 [INFO] CrossReferenceDbSqlite:202 - Set database path to: C:\Users\student\.stmcufinder\plugins\mcufinder//mcu/cs/
2023-04-08 17:45:29,522 [INFO] RulesReader:61 - Compatibility file has been processed (283 Rules)
2023-04-08 17:45:29,582 [INFO] DbMcusXml:77 - Set database path to: C:\ST\STM32CubeIDE_1.8.0\STM32CubeIDE\plugins\com.st.stm32cube.common.mx_6.7.0.202301130839\\db\/mcu/
2023-04-08 17:45:29,582 [INFO] ApiDb:273 - Set plugin database path to: C:\ST\STM32CubeIDE_1.8.0\STM32CubeIDE\plugins\com.st.stm32cube.common.mx_6.7.0.202301130839\\db\/plugins/boardmanager/
2023-04-08 17:45:29,582 [INFO] ApiDb:260 - Set plugin images path to: C:\ST\STM32CubeIDE_1.8.0\STM32CubeIDE\plugins\com.st.stm32cube.common.mx_6.7.0.202301130839\\db\/plugins/mcufinder/images/
2023-04-08 17:45:29,582 [WARN] DbFile:40 - Overriding database path with different value: C:\Users\student\.stmcufinder\plugins\mcufinder/ => C:\Users\student\.stmcufinder\plugins\mcufinder
2023-04-08 17:45:29,582 [INFO] ApiDb:249 - Set database path to: C:\Users\student\.stmcufinder\plugins\mcufinder//mcu/
2023-04-08 17:45:29,582 [WARN] DbFile:40 - Overriding database path with different value: C:\Users\student\.stmcufinder\plugins\mcufinder/ => C:\Users\student\.stmcufinder\plugins\mcufinder
2023-04-08 17:45:29,582 [INFO] DbMcusAds:124 - Set database path to: C:\Users\student\.stmcufinder\plugins\mcufinder//mcu/
2023-04-08 17:45:29,592 [WARN] DbFile:40 - Overriding database path with different value: C:\Users\student\.stmcufinder\plugins\mcufinder/ => C:\Users\student\.stmcufinder\plugins\mcufinder
2023-04-08 17:45:29,592 [WARN] DbFile:40 - Overriding database path with different value: C:\Users\student\.stmcufinder\plugins\mcufinder/ => C:\Users\student\.stmcufinder\plugins\mcufinder
2023-04-08 17:45:29,592 [INFO] CrossReferenceDbSqlite:202 - Set database path to: C:\Users\student\.stmcufinder\plugins\mcufinder//mcu/cs/
2023-04-08 17:45:29,634 [INFO] MainPanel:252 - HeapMemory: 437256192
2023-04-08 17:45:29,692 [INFO] DbMcusXml:77 - Set database path to: C:\ST\STM32CubeIDE_1.8.0\STM32CubeIDE\plugins\com.st.stm32cube.common.mx_6.7.0.202301130839\\db\/mcu/
2023-04-08 17:45:29,692 [INFO] ApiDb:273 - Set plugin database path to: C:\ST\STM32CubeIDE_1.8.0\STM32CubeIDE\plugins\com.st.stm32cube.common.mx_6.7.0.202301130839\\db\/plugins/boardmanager/
2023-04-08 17:45:29,692 [INFO] ApiDb:260 - Set plugin images path to: C:\ST\STM32CubeIDE_1.8.0\STM32CubeIDE\plugins\com.st.stm32cube.common.mx_6.7.0.202301130839\\db\/plugins/mcufinder/images/
2023-04-08 17:45:29,692 [WARN] DbFile:40 - Overriding database path with different value: C:\Users\student\.stmcufinder\plugins\mcufinder/ => C:\Users\student\.stmcufinder\plugins\mcufinder
2023-04-08 17:45:29,692 [INFO] ApiDb:249 - Set database path to: C:\Users\student\.stmcufinder\plugins\mcufinder//mcu/
2023-04-08 17:45:29,692 [WARN] DbFile:40 - Overriding database path with different value: C:\Users\student\.stmcufinder\plugins\mcufinder/ => C:\Users\student\.stmcufinder\plugins\mcufinder
2023-04-08 17:45:29,692 [INFO] DbMcusAds:124 - Set database path to: C:\Users\student\.stmcufinder\plugins\mcufinder//mcu/
2023-04-08 17:45:29,692 [WARN] DbFile:40 - Overriding database path with different value: C:\Users\student\.stmcufinder\plugins\mcufinder/ => C:\Users\student\.stmcufinder\plugins\mcufinder
2023-04-08 17:45:29,692 [WARN] DbFile:40 - Overriding database path with different value: C:\Users\student\.stmcufinder\plugins\mcufinder/ => C:\Users\student\.stmcufinder\plugins\mcufinder
2023-04-08 17:45:29,692 [INFO] CrossReferenceDbSqlite:202 - Set database path to: C:\Users\student\.stmcufinder\plugins\mcufinder//mcu/cs/
2023-04-08 17:45:29,702 [INFO] ApplicationProperties:181 - Using Application install path: C:\ST\STM32CubeIDE_1.8.0\STM32CubeIDE\plugins\com.st.stm32cube.common.mx_6.7.0.202301130839
2023-04-08 17:45:29,702 [INFO] PluginManage:193 - Search for loadable plugins [exclusion list=, ]
2023-04-08 17:45:29,702 [INFO] PluginManage:307 - Check plugin analytics
2023-04-08 17:45:29,812 [INFO] AnalyticsPlugin:262 - Accepted Software Licenses: 
2023-04-08 17:45:29,812 [INFO] AnalyticsPlugin:264 - Accepted CMSIS Pack Licenses: 
2023-04-08 17:45:29,812 [INFO] AnalyticsPlugin:266 - Accepted Firmware Licenses: 
2023-04-08 17:45:29,812 [INFO] PluginManage:356 - Loaded plugin analytics (category:tool,tabindex:-1)
2023-04-08 17:45:29,812 [INFO] PluginManage:307 - Check plugin cadmodel
2023-04-08 17:45:29,834 [INFO] CADModel:104 - Init CAD model plugin
2023-04-08 17:45:29,834 [INFO] PluginManage:356 - Loaded plugin cadmodel (category:power,tabindex:5)
2023-04-08 17:45:29,834 [INFO] PluginManage:307 - Check plugin clock
2023-04-08 17:45:29,843 [INFO] PluginManage:356 - Loaded plugin clock (category:base,tabindex:2)
2023-04-08 17:45:29,843 [INFO] PluginManage:307 - Check plugin ddr
2023-04-08 17:45:29,853 [INFO] PluginManage:356 - Loaded plugin ddr (category:tool,tabindex:6)
2023-04-08 17:45:29,853 [INFO] PluginManage:307 - Check plugin filemanager
2023-04-08 17:45:29,953 [INFO] PluginManage:356 - Loaded plugin filemanager (category:base,tabindex:10)
2023-04-08 17:45:29,953 [INFO] PluginManage:307 - Check plugin ipmanager
2023-04-08 17:45:29,963 [INFO] PluginManage:356 - Loaded plugin ipmanager (category:base,tabindex:5)
2023-04-08 17:45:29,963 [INFO] PluginManage:307 - Check plugin lpbam
2023-04-08 17:45:29,973 [INFO] PluginManage:356 - Loaded plugin lpbam (category:base,tabindex:0)
2023-04-08 17:45:29,973 [INFO] PluginManage:307 - Check plugin pinoutandconfiguration
2023-04-08 17:45:29,983 [INFO] PluginManage:356 - Loaded plugin pinoutandconfiguration (category:base,tabindex:1)
2023-04-08 17:45:29,993 [INFO] PluginManage:307 - Check plugin pinoutconfig
2023-04-08 17:45:30,023 [INFO] PluginManage:356 - Loaded plugin pinoutconfig (category:base,tabindex:0)
2023-04-08 17:45:30,023 [INFO] PluginManage:307 - Check plugin power
2023-04-08 17:45:30,034 [INFO] PluginManage:356 - Loaded plugin power (category:power,tabindex:4)
2023-04-08 17:45:30,034 [INFO] PluginManage:307 - Check plugin projectmanager
2023-04-08 17:45:30,043 [INFO] PluginManage:356 - Loaded plugin projectmanager (category:projectmanager,tabindex:3)
2023-04-08 17:45:30,043 [INFO] PluginManage:307 - Check plugin thirdparty
2023-04-08 17:45:30,213 [INFO] PluginManage:356 - Loaded plugin thirdparty (category:base,tabindex:-1)
2023-04-08 17:45:30,213 [WARN] IntegrityCheckThread:82 - waiting for thirdparty lock release [integrity check]
2023-04-08 17:45:30,213 [INFO] PluginManage:307 - Check plugin tools
2023-04-08 17:45:30,213 [INFO] IntegrityCheckThread:84 - entering critical section [integrity check]
2023-04-08 17:45:30,213 [INFO] ThirdPartyUpdaterWithRetryManager:70 - Updater plugin not ready yet. [1/15]
2023-04-08 17:45:30,223 [INFO] PluginManage:356 - Loaded plugin tools (category:base,tabindex:7)
2023-04-08 17:45:30,223 [INFO] PluginManage:307 - Check plugin tutovideos
2023-04-08 17:45:30,394 [INFO] PluginManage:356 - Loaded plugin tutovideos (category:base,tabindex:-1)
2023-04-08 17:45:30,394 [INFO] PluginManage:307 - Check plugin updater
2023-04-08 17:45:30,404 [INFO] PluginManage:356 - Loaded plugin updater (category:base,tabindex:12)
2023-04-08 17:45:30,404 [INFO] PluginManage:280 - PluginManage : Loaded plugins [15]
2023-04-08 17:45:30,594 [INFO] PinOutPanel:1477 - setPackage(No Configuration,No Configuration)
2023-04-08 17:45:30,645 [INFO] CADModel:164 - CPN selected for project level
2023-04-08 17:45:30,645 [INFO] CADModel:113 - Register for checkConnection events
2023-04-08 17:45:30,665 [INFO] IPUIPlugin:79 - create IPUIPlugin
2023-04-08 17:45:30,665 [INFO] PluginManager:219 - loadIPPluginJar : add adc
2023-04-08 17:45:30,685 [INFO] IPUIPlugin:79 - create IPUIPlugin
2023-04-08 17:45:30,685 [INFO] PluginManager:219 - loadIPPluginJar : add aes
2023-04-08 17:45:30,705 [INFO] IPUIPlugin:79 - create IPUIPlugin
2023-04-08 17:45:30,705 [INFO] PluginManager:219 - loadIPPluginJar : add can
2023-04-08 17:45:30,715 [INFO] IPUIPlugin:79 - create IPUIPlugin
2023-04-08 17:45:30,715 [INFO] PluginManager:219 - loadIPPluginJar : add comp
2023-04-08 17:45:30,735 [INFO] IPUIPlugin:79 - create IPUIPlugin
2023-04-08 17:45:30,735 [INFO] PluginManager:219 - loadIPPluginJar : add cryp
2023-04-08 17:45:30,755 [INFO] IPUIPlugin:79 - create IPUIPlugin
2023-04-08 17:45:30,755 [INFO] PluginManager:219 - loadIPPluginJar : add dfsdm
2023-04-08 17:45:30,765 [INFO] IPUIPlugin:79 - create IPUIPlugin
2023-04-08 17:45:30,765 [INFO] PluginManager:219 - loadIPPluginJar : add dma
2023-04-08 17:45:30,785 [INFO] IPUIPlugin:79 - create IPUIPlugin
2023-04-08 17:45:30,785 [INFO] PluginManager:219 - loadIPPluginJar : add dma3
2023-04-08 17:45:30,805 [INFO] IPUIPlugin:79 - create IPUIPlugin
2023-04-08 17:45:30,805 [INFO] PluginManager:219 - loadIPPluginJar : add fatfs
2023-04-08 17:45:30,825 [INFO] IPUIPlugin:79 - create IPUIPlugin
2023-04-08 17:45:30,825 [INFO] PluginManager:219 - loadIPPluginJar : add fmc
2023-04-08 17:45:30,835 [INFO] IPUIPlugin:79 - create IPUIPlugin
2023-04-08 17:45:30,835 [INFO] PluginManager:219 - loadIPPluginJar : add freertos
2023-04-08 17:45:30,855 [INFO] IPUIPlugin:79 - create IPUIPlugin
2023-04-08 17:45:30,855 [INFO] PluginManager:219 - loadIPPluginJar : add genericplugin
2023-04-08 17:45:30,895 [INFO] IPUIPlugin:79 - create IPUIPlugin
2023-04-08 17:45:30,895 [INFO] PluginManager:219 - loadIPPluginJar : add gfxmmu
2023-04-08 17:45:30,965 [INFO] IPUIPlugin:79 - create IPUIPlugin
2023-04-08 17:45:30,965 [INFO] PluginManager:219 - loadIPPluginJar : add gic
2023-04-08 17:45:30,975 [INFO] IPUIPlugin:79 - create IPUIPlugin
2023-04-08 17:45:30,975 [INFO] PluginManager:219 - loadIPPluginJar : add gpio
2023-04-08 17:45:31,015 [INFO] IPUIPlugin:79 - create IPUIPlugin
2023-04-08 17:45:31,015 [INFO] PluginManager:219 - loadIPPluginJar : add gtzc
2023-04-08 17:45:31,035 [INFO] IPUIPlugin:79 - create IPUIPlugin
2023-04-08 17:45:31,035 [INFO] PluginManager:219 - loadIPPluginJar : add hash
2023-04-08 17:45:31,065 [INFO] IPUIPlugin:79 - create IPUIPlugin
2023-04-08 17:45:31,065 [INFO] PluginManager:219 - loadIPPluginJar : add i2c
2023-04-08 17:45:31,085 [INFO] IPUIPlugin:79 - create IPUIPlugin
2023-04-08 17:45:31,085 [INFO] PluginManager:219 - loadIPPluginJar : add i2s
2023-04-08 17:45:31,145 [INFO] IPUIPlugin:79 - create IPUIPlugin
2023-04-08 17:45:31,145 [INFO] PluginManager:219 - loadIPPluginJar : add ipddr
2023-04-08 17:45:31,195 [INFO] IPUIPlugin:79 - create IPUIPlugin
2023-04-08 17:45:31,195 [INFO] PluginManager:219 - loadIPPluginJar : add linkedlist
2023-04-08 17:45:31,205 [INFO] IPUIPlugin:79 - create IPUIPlugin
2023-04-08 17:45:31,205 [INFO] PluginManager:219 - loadIPPluginJar : add lorawan
2023-04-08 17:45:31,225 [INFO] IPUIPlugin:79 - create IPUIPlugin
2023-04-08 17:45:31,225 [INFO] PluginManager:219 - loadIPPluginJar : add ltdc
2023-04-08 17:45:31,236 [INFO] IPUIPlugin:79 - create IPUIPlugin
2023-04-08 17:45:31,236 [INFO] PluginManager:219 - loadIPPluginJar : add mdma
2023-04-08 17:45:31,246 [INFO] IPUIPlugin:79 - create IPUIPlugin
2023-04-08 17:45:31,246 [INFO] PluginManager:219 - loadIPPluginJar : add nvic
2023-04-08 17:45:31,266 [INFO] IPUIPlugin:79 - create IPUIPlugin
2023-04-08 17:45:31,266 [INFO] PluginManager:219 - loadIPPluginJar : add opamp
2023-04-08 17:45:31,296 [INFO] IPUIPlugin:79 - create IPUIPlugin
2023-04-08 17:45:31,296 [INFO] PluginManager:219 - loadIPPluginJar : add openamp
2023-04-08 17:45:31,326 [INFO] IPUIPlugin:79 - create IPUIPlugin
2023-04-08 17:45:31,326 [INFO] PluginManager:219 - loadIPPluginJar : add pdm2pcm
2023-04-08 17:45:31,326 [INFO] IPUIPlugin:79 - create IPUIPlugin
2023-04-08 17:45:31,336 [INFO] PluginManager:219 - loadIPPluginJar : add plateformsettings
2023-04-08 17:45:31,346 [INFO] IPUIPlugin:79 - create IPUIPlugin
2023-04-08 17:45:31,346 [INFO] PluginManager:219 - loadIPPluginJar : add quadspi
2023-04-08 17:45:31,356 [INFO] IPUIPlugin:79 - create IPUIPlugin
2023-04-08 17:45:31,356 [INFO] PluginManager:219 - loadIPPluginJar : add resmgrutility
2023-04-08 17:45:31,376 [INFO] IPUIPlugin:79 - create IPUIPlugin
2023-04-08 17:45:31,376 [INFO] PluginManager:219 - loadIPPluginJar : add sai
2023-04-08 17:45:31,396 [INFO] IPUIPlugin:79 - create IPUIPlugin
2023-04-08 17:45:31,396 [INFO] PluginManager:219 - loadIPPluginJar : add spi
2023-04-08 17:45:31,436 [INFO] IPUIPlugin:79 - create IPUIPlugin
2023-04-08 17:45:31,436 [INFO] PluginManager:219 - loadIPPluginJar : add stm32_wpan
2023-04-08 17:45:31,446 [INFO] IPUIPlugin:79 - create IPUIPlugin
2023-04-08 17:45:31,446 [INFO] PluginManager:219 - loadIPPluginJar : add tim
2023-04-08 17:45:31,476 [INFO] IPUIPlugin:79 - create IPUIPlugin
2023-04-08 17:45:31,476 [INFO] PluginManager:219 - loadIPPluginJar : add touchsensing
2023-04-08 17:45:31,486 [INFO] IPUIPlugin:79 - create IPUIPlugin
2023-04-08 17:45:31,486 [INFO] PluginManager:219 - loadIPPluginJar : add tracer_emb
2023-04-08 17:45:31,506 [INFO] IPUIPlugin:79 - create IPUIPlugin
2023-04-08 17:45:31,506 [INFO] PluginManager:219 - loadIPPluginJar : add ts
2023-04-08 17:45:31,516 [INFO] IPUIPlugin:79 - create IPUIPlugin
2023-04-08 17:45:31,516 [INFO] PluginManager:219 - loadIPPluginJar : add tsc
2023-04-08 17:45:31,526 [INFO] IPUIPlugin:79 - create IPUIPlugin
2023-04-08 17:45:31,526 [INFO] PluginManager:219 - loadIPPluginJar : add ucpd
2023-04-08 17:45:31,546 [INFO] IPUIPlugin:79 - create IPUIPlugin
2023-04-08 17:45:31,546 [INFO] PluginManager:219 - loadIPPluginJar : add usart
2023-04-08 17:45:31,576 [INFO] IPUIPlugin:79 - create IPUIPlugin
2023-04-08 17:45:31,576 [INFO] PluginManager:219 - loadIPPluginJar : add usbx
2023-04-08 17:45:31,688 [INFO] CADModel:164 - CPN selected for project level
2023-04-08 17:45:31,688 [INFO] CADModel:113 - Register for checkConnection events
2023-04-08 17:45:31,688 [FATAL] Updater:308 - Updater called before beeing initialized
2023-04-08 17:45:31,688 [ERROR] CADModel:124 - Updater not yet initialized, retry later 
2023-04-08 17:45:31,788 [INFO] CADModel:164 - CPN selected for project level
2023-04-08 17:45:31,788 [INFO] CADModel:113 - Register for checkConnection events
2023-04-08 17:45:31,788 [FATAL] Updater:308 - Updater called before beeing initialized
2023-04-08 17:45:31,788 [ERROR] CADModel:124 - Updater not yet initialized, retry later 
2023-04-08 17:45:31,788 [FATAL] Updater:308 - Updater called before beeing initialized
2023-04-08 17:45:31,879 [FATAL] Updater:308 - Updater called before beeing initialized
2023-04-08 17:45:31,889 [INFO] DbMcusAds:52 - JSON generation date=Tue Mar 07 14:20:55 IST 2023 (1678179055335)
2023-04-08 17:45:31,889 [FATAL] Updater:308 - Updater called before beeing initialized
2023-04-08 17:45:31,949 [WARN] DetailPanel:344 - Failed to get advertising image, set to default
2023-04-08 17:45:32,050 [FATAL] Updater:308 - Updater called before beeing initialized
2023-04-08 17:45:32,050 [FATAL] Updater:308 - Updater called before beeing initialized
2023-04-08 17:45:32,050 [FATAL] Updater:308 - Updater called before beeing initialized
2023-04-08 17:45:32,050 [WARN] DetailPanel:344 - Failed to get advertising image, set to default
2023-04-08 17:45:32,050 [FATAL] Updater:308 - Updater called before beeing initialized
2023-04-08 17:45:32,100 [ERROR] Updater:1120 - MainUpdater not yet initialized. External WinMGr cannot be set.
2023-04-08 17:45:32,100 [INFO] Updater:1056 - Updater Version found : 6.7.0
2023-04-08 17:45:32,120 [INFO] ApplicationProperties:181 - Using Application install path: C:\ST\STM32CubeIDE_1.8.0\STM32CubeIDE\plugins\com.st.stm32cube.common.mx_6.7.0.202301130839
2023-04-08 17:45:32,272 [INFO] MainUpdater:2800 - connection check result : 10
2023-04-08 17:45:32,272 [INFO] MainUpdater:282 - Updater Check For Update Now.
2023-04-08 17:45:32,272 [INFO] MicroXplorer:481 - Change Database Version : DB.6.0.70
2023-04-08 17:45:32,422 [INFO] CheckServerUpdateThread:119 - End of CheckServer Thread
2023-04-08 17:45:32,483 [INFO] MainUpdater:2800 - connection check result : 10
2023-04-08 17:45:32,483 [INFO] MainUpdater:2800 - connection check result : 10
2023-04-08 17:45:32,572 [INFO] MicroXplorer:451 - Change Database Path : 
2023-04-08 17:45:32,572 [INFO] MicroXplorer:481 - Change Database Version : DB.6.0.70
2023-04-08 17:45:32,572 [WARN] ThirdParty:845 - waiting for thirdparty lock release [close project]
2023-04-08 17:45:33,310 [WARN] PackLoader:242 - Cannot read IP mode file for STMicroelectronics.X-CUBE-GNSS1.6.0.0
2023-04-08 17:45:33,340 [WARN] PackLoader:242 - Cannot read IP mode file for STMicroelectronics.X-CUBE-AZRTOS-F4.1.1.0
2023-04-08 17:45:33,380 [WARN] PackLoader:242 - Cannot read IP mode file for STMicroelectronics.X-CUBE-MEMS1.9.2.0
2023-04-08 17:45:33,502 [WARN] PackLoader:242 - Cannot read IP mode file for STMicroelectronics.X-CUBE-AZRTOS-F7.1.1.0
2023-04-08 17:45:33,512 [WARN] PackLoader:242 - Cannot read IP mode file for STMicroelectronics.X-CUBE-AI.7.1.0
2023-04-08 17:45:33,522 [WARN] PackLoader:242 - Cannot read IP mode file for STMicroelectronics.X-CUBE-TOUCHGFX.4.19.1
2023-04-08 17:45:33,539 [WARN] PackLoader:242 - Cannot read IP mode file for STMicroelectronics.X-CUBE-BLE1.6.2.3
2023-04-08 17:45:33,552 [WARN] PackLoader:242 - Cannot read IP mode file for STMicroelectronics.X-CUBE-BLE1.6.2.4
2023-04-08 17:45:33,583 [WARN] PackLoader:242 - Cannot read IP mode file for STMicroelectronics.X-CUBE-BLEMGR.2.0.0
2023-04-08 17:45:33,593 [WARN] PackLoader:242 - Cannot read IP mode file for STMicroelectronics.X-CUBE-NFC4.2.0.4
2023-04-08 17:45:33,603 [WARN] PackLoader:242 - Cannot read IP mode file for STMicroelectronics.X-CUBE-BLE2.3.2.2
2023-04-08 17:45:33,624 [WARN] PackLoader:242 - Cannot read IP mode file for STMicroelectronics.X-CUBE-SFXS2LP1.3.1.0
2023-04-08 17:45:33,639 [WARN] PackLoader:242 - Cannot read IP mode file for STMicroelectronics.X-CUBE-DISPLAY.3.0.0
2023-04-08 17:45:33,664 [WARN] PackLoader:242 - Cannot read IP mode file for STMicroelectronics.X-CUBE-AZRTOS-F4.1.0.0
2023-04-08 17:45:33,674 [WARN] PackLoader:242 - Cannot read IP mode file for STMicroelectronics.X-CUBE-NFC7.1.0.0
2023-04-08 17:45:33,685 [WARN] PackLoader:242 - Cannot read IP mode file for STMicroelectronics.X-CUBE-EEPRMA1.4.1.0
2023-04-08 17:45:33,705 [WARN] PackLoader:242 - Cannot read IP mode file for STMicroelectronics.X-CUBE-AZRTOS-G0.1.0.0
2023-04-08 17:45:33,725 [WARN] PackLoader:242 - Cannot read IP mode file for WES.I-CUBE-Cesium.1.3.0
2023-04-08 17:45:33,725 [WARN] PackLoader:242 - Cannot read IP mode file for STMicroelectronics.X-CUBE-SFXS2LP1.4.0.0
2023-04-08 17:45:33,740 [WARN] PackLoader:242 - Cannot read IP mode file for STMicroelectronics.X-CUBE-BLE2.3.3.0
2023-04-08 17:45:33,745 [WARN] PackLoader:242 - Cannot read IP mode file for STMicroelectronics.X-CUBE-DISPLAY.2.2.0
2023-04-08 17:45:33,765 [WARN] PackLoader:242 - Cannot read IP mode file for STMicroelectronics.X-CUBE-TOF1.3.2.0
2023-04-08 17:45:33,795 [WARN] PackLoader:242 - Cannot read IP mode file for STMicroelectronics.X-CUBE-AZRTOS-H7.3.0.0
2023-04-08 17:45:33,806 [WARN] PackLoader:242 - Cannot read IP mode file for STMicroelectronics.X-CUBE-ISPU.1.1.0
2023-04-08 17:45:33,816 [WARN] PackLoader:242 - Cannot read IP mode file for RoweBots.I-CUBE-UNISONRTOS.5.5.0-4
2023-04-08 17:45:33,840 [WARN] PackLoader:242 - Cannot read IP mode file for STMicroelectronics.X-CUBE-AZRTOS-H7.2.1.0
2023-04-08 17:45:33,857 [WARN] PackLoader:242 - Cannot read IP mode file for STMicroelectronics.X-CUBE-AI.8.0.0
2023-04-08 17:45:33,867 [WARN] PackLoader:242 - Cannot read IP mode file for STMicroelectronics.X-CUBE-FREERTOS.1.0.0
2023-04-08 17:45:33,877 [WARN] PackLoader:242 - Cannot read IP mode file for STMicroelectronics.X-CUBE-TOUCHGFX.4.21.1
2023-04-08 17:45:33,887 [WARN] PackLoader:242 - Cannot read IP mode file for STMicroelectronics.X-CUBE-TOUCHGFX.4.21.3
2023-04-08 17:45:33,898 [WARN] PackLoader:242 - Cannot read IP mode file for STMicroelectronics.X-CUBE-AI.7.3.0
2023-04-08 17:45:33,908 [WARN] PackLoader:242 - Cannot read IP mode file for STMicroelectronics.X-CUBE-ALGOBUILD.1.3.0
2023-04-08 17:45:33,928 [WARN] PackLoader:242 - Cannot read IP mode file for STMicroelectronics.X-CUBE-AZRTOS-L5.1.1.0
2023-04-08 17:45:33,959 [WARN] PackLoader:242 - Cannot read IP mode file for STMicroelectronics.X-CUBE-AZRTOS-G0.1.1.0
2023-04-08 17:45:33,969 [WARN] PackLoader:242 - Cannot read IP mode file for STMicroelectronics.X-CUBE-SUBG2.5.0.0
2023-04-08 17:45:33,979 [WARN] PackLoader:242 - Cannot read IP mode file for STMicroelectronics.X-CUBE-NFC4.3.0.0
2023-04-08 17:45:34,020 [WARN] PackLoader:242 - Cannot read IP mode file for SEGGER.I-CUBE-embOS.1.2.0
2023-04-08 17:45:34,061 [WARN] PackLoader:242 - Cannot read IP mode file for STMicroelectronics.X-CUBE-TOF1.3.3.0
2023-04-08 17:45:34,071 [WARN] PackLoader:242 - Cannot read IP mode file for STMicroelectronics.FP-ATR-ASTRA1.1.1.1
2023-04-08 17:45:34,092 [WARN] PackLoader:242 - Cannot read IP mode file for STMicroelectronics.X-CUBE-BLEMGR.1.3.0
2023-04-08 17:45:34,112 [WARN] PackLoader:242 - Cannot read IP mode file for STMicroelectronics.X-CUBE-AZRTOS-G4.1.0.0
2023-04-08 17:45:34,122 [WARN] PackLoader:242 - Cannot read IP mode file for STMicroelectronics.FP-ATR-SIGFOX1.3.2.0
2023-04-08 17:45:34,140 [WARN] PackLoader:242 - Cannot read IP mode file for wolfSSL.I-CUBE-wolfSSL.5.3.0
2023-04-08 17:45:34,152 [WARN] PackLoader:242 - Cannot read IP mode file for STMicroelectronics.X-CUBE-AZRTOS-L4.1.0.0
2023-04-08 17:45:34,173 [WARN] PackLoader:242 - Cannot read IP mode file for emotas.I-CUBE-CANOPEN.1.1.2
2023-04-08 17:45:34,193 [WARN] PackLoader:242 - Cannot read IP mode file for STMicroelectronics.X-CUBE-AZRTOS-F7.1.0.0
2023-04-08 17:45:34,203 [WARN] PackLoader:242 - Cannot read IP mode file for STMicroelectronics.X-CUBE-AZRTOS-WL.1.0.0
2023-04-08 17:45:34,213 [WARN] PackLoader:242 - Cannot read IP mode file for portGmbH.I-Cube-SoM-uGOAL.1.1.0
2023-04-08 17:45:34,224 [WARN] PackLoader:242 - Cannot read IP mode file for STMicroelectronics.X-CUBE-ALS.1.0.1
2023-04-08 17:45:34,254 [WARN] PackLoader:242 - Cannot read IP mode file for STMicroelectronics.X-CUBE-MEMS1.9.5.0
2023-04-08 17:45:34,378 [WARN] PackLoader:242 - Cannot read IP mode file for STMicroelectronics.X-CUBE-AZRTOS-WB.1.1.0
2023-04-08 17:45:34,399 [WARN] PackLoader:242 - Cannot read IP mode file for SEGGER.I-CUBE-embOS.1.3.1
2023-04-08 17:45:34,449 [WARN] PackLoader:242 - Cannot read IP mode file for STMicroelectronics.X-CUBE-AZRTOS-L5.1.0.0
2023-04-08 17:45:34,459 [WARN] PackLoader:242 - Cannot read IP mode file for STMicroelectronics.X-CUBE-EEPRMA1.3.1.1
2023-04-08 17:45:34,469 [WARN] PackLoader:242 - Cannot read IP mode file for STMicroelectronics.X-CUBE-GNSS1.5.2.0
2023-04-08 17:45:34,490 [WARN] PackLoader:242 - Cannot read IP mode file for STMicroelectronics.X-CUBE-TOF1.3.0.0
2023-04-08 17:45:34,490 [INFO] ThirdParty:947 - Integrity check success = true
2023-04-08 17:45:34,490 [INFO] IntegrityCheckThread:98 - exiting critical section [integrity check]
2023-04-08 17:45:34,490 [INFO] IntegrityCheckThread:101 - End integrity checks thread
2023-04-08 17:45:34,490 [INFO] ThirdParty:847 - entering critical section [close project]
2023-04-08 17:45:34,490 [INFO] ThirdParty:857 - exiting critical section [close project]
2023-04-08 17:45:34,500 [INFO] PinOutPanel:1477 - setPackage(No Configuration,No Configuration)
2023-04-08 17:45:34,510 [INFO] UtilMem:74 - Begin LoadConfig() Used Memory: 428732144 Bytes (449839104)
2023-04-08 17:45:34,510 [INFO] MicroXplorer:451 - Change Database Path : 
2023-04-08 17:45:34,510 [INFO] MicroXplorer:481 - Change Database Version : DB.6.0.70
2023-04-08 17:45:34,510 [INFO] OpenFileManager:307 - Change cursor
2023-04-08 17:45:34,540 [INFO] Mcu:1925 - Initializing MCU STM32F446R(C-E)Tx STM32F446RETx STM32F446RET6
2023-04-08 17:45:35,794 [INFO] Context:654 - Trying to add GPIOservice into a context  which must be forbidden
2023-04-08 17:45:36,270 [INFO] RtosManager:489 - Registered RTOS mode: class=CMSIS, group=RTOS, mode=CMSIS_V1, owner=FREERTOS
2023-04-08 17:45:36,270 [INFO] RtosManager:489 - Registered RTOS mode: class=CMSIS, group=RTOS2, mode=CMSIS_V2, owner=FREERTOS
2023-04-08 17:45:36,270 [INFO] RtosManager:489 - Registered RTOS mode: class=RTOS, group=Core, mode=CMSIS_V1, owner=FREERTOS
2023-04-08 17:45:36,270 [INFO] RtosManager:489 - Registered RTOS mode: class=RTOS, group=Core, mode=CMSIS_V2, owner=FREERTOS
2023-04-08 17:45:36,270 [WARN] ModelIntegratedComponent:185 - Missing modes for component STMicroelectronics:FreeRTOS:0.0.1:STMicroelectronics:RTOS:FreeRTOS:Core:::10.2.0:
2023-04-08 17:45:36,280 [WARN] ModelIntegratedComponent:64 - No mode defined for component null
2023-04-08 17:45:36,280 [WARN] ModelIntegratedComponent:64 - No mode defined for component null
2023-04-08 17:45:36,280 [WARN] ModelIntegratedComponent:64 - No mode defined for component null
2023-04-08 17:45:36,280 [WARN] ModelIntegratedComponent:64 - No mode defined for component null
2023-04-08 17:45:36,280 [WARN] ModelIntegratedComponent:64 - No mode defined for component null
2023-04-08 17:45:36,280 [WARN] ModelIntegratedComponent:64 - No mode defined for component null
2023-04-08 17:45:36,280 [WARN] ModelIntegratedComponent:64 - No mode defined for component null
2023-04-08 17:45:36,280 [WARN] ModelIntegratedComponent:64 - No mode defined for component null
2023-04-08 17:45:36,280 [WARN] ModelIntegratedComponent:64 - No mode defined for component null
2023-04-08 17:45:36,280 [WARN] ModelIntegratedComponent:64 - No mode defined for component null
2023-04-08 17:45:36,280 [WARN] ModelIntegratedComponent:64 - No mode defined for component null
2023-04-08 17:45:36,280 [WARN] ModelIntegratedComponent:64 - No mode defined for component null
2023-04-08 17:45:36,280 [WARN] ModelIntegratedComponent:64 - No mode defined for component null
2023-04-08 17:45:36,280 [WARN] ModelIntegratedComponent:64 - No mode defined for component null
2023-04-08 17:45:36,280 [WARN] ModelIntegratedComponent:64 - No mode defined for component null
2023-04-08 17:45:36,280 [WARN] ModelIntegratedComponent:64 - No mode defined for component null
2023-04-08 17:45:36,280 [WARN] ModelIntegratedComponent:64 - No mode defined for component null
2023-04-08 17:45:36,280 [WARN] ModelIntegratedComponent:64 - No mode defined for component null
2023-04-08 17:45:36,280 [WARN] ModelIntegratedComponent:64 - No mode defined for component null
2023-04-08 17:45:36,280 [WARN] ModelIntegratedComponent:64 - No mode defined for component null
2023-04-08 17:45:36,280 [WARN] ModelIntegratedComponent:64 - No mode defined for component null
2023-04-08 17:45:36,280 [WARN] ModelIntegratedComponent:64 - No mode defined for component null
2023-04-08 17:45:36,280 [WARN] ModelIntegratedComponent:64 - No mode defined for component null
2023-04-08 17:45:36,280 [WARN] ModelIntegratedComponent:64 - No mode defined for component null
2023-04-08 17:45:36,280 [WARN] ModelIntegratedComponent:64 - No mode defined for component null
2023-04-08 17:45:36,280 [WARN] ModelIntegratedComponent:64 - No mode defined for component null
2023-04-08 17:45:36,280 [WARN] ModelIntegratedComponent:64 - No mode defined for component null
2023-04-08 17:45:36,280 [WARN] ModelIntegratedComponent:64 - No mode defined for component null
2023-04-08 17:45:36,280 [WARN] ModelIntegratedComponent:64 - No mode defined for component null
2023-04-08 17:45:36,280 [WARN] ModelIntegratedComponent:64 - No mode defined for component null
2023-04-08 17:45:36,280 [WARN] ModelIntegratedComponent:64 - No mode defined for component null
2023-04-08 17:45:36,280 [WARN] ModelIntegratedComponent:64 - No mode defined for component null
2023-04-08 17:45:36,280 [WARN] ModelIntegratedComponent:64 - No mode defined for component null
2023-04-08 17:45:36,361 [INFO] ThirdPartyModel:294 - Start build external matchings
2023-04-08 17:45:36,926 [INFO] ThirdPartyModel:310 - End build external matchings
2023-04-08 17:45:36,946 [INFO] ImportTextPane:193 - (OptionalMessage_ERROR) IP (DMA) : Parameter (Instance) has Id (ADC1) currently not set
2023-04-08 17:45:36,946 [INFO] ImportTextPane:193 - (OptionalMessage_ERROR) IP (DMA) : Parameter (Channel) has Id (ADC1) currently not set
2023-04-08 17:45:36,946 [INFO] ImportTextPane:193 - (OptionalMessage_ERROR) IP (DMA) : Parameter (Direction) has Id (ADC1) currently not set
2023-04-08 17:45:36,946 [INFO] ImportTextPane:193 - (OptionalMessage_ERROR) IP (DMA) : Parameter (PeriphInc) has Id (ADC1) currently not set
2023-04-08 17:45:36,946 [INFO] ImportTextPane:193 - (OptionalMessage_ERROR) IP (DMA) : Parameter (MemInc) has Id (ADC1) currently not set
2023-04-08 17:45:36,946 [INFO] ImportTextPane:193 - (OptionalMessage_ERROR) IP (DMA) : Parameter (PeriphDataAlignment) has Id (ADC1) currently not set
2023-04-08 17:45:36,946 [INFO] ImportTextPane:193 - (OptionalMessage_ERROR) IP (DMA) : Parameter (MemDataAlignment) has Id (ADC1) currently not set
2023-04-08 17:45:36,946 [INFO] ImportTextPane:193 - (OptionalMessage_ERROR) IP (DMA) : Parameter (Mode) has Id (ADC1) currently not set
2023-04-08 17:45:36,946 [INFO] ImportTextPane:193 - (OptionalMessage_ERROR) IP (DMA) : Parameter (Priority) has Id (ADC1) currently not set
2023-04-08 17:45:36,946 [INFO] ImportTextPane:193 - (OptionalMessage_ERROR) IP (DMA) : Parameter (FIFOMode) has Id (ADC1) currently not set
2023-04-08 17:45:36,956 [INFO] ImportTextPane:193 - (OptionalMessage_ERROR) IP (RCC) : Invalid parameter (FamilyName)
2023-04-08 17:45:36,956 [INFO] ImportTextPane:193 - (OptionalMessage_ERROR) IP (RCC) : Parameter (MCO2PinFreq_Value) has invalid value (180000000)
2023-04-08 17:45:36,956 [INFO] ImportTextPane:193 - (OptionalMessage_ERROR) IP (RCC) : Parameter (SDIOFreq_Value) has invalid value (180000000)
2023-04-08 17:45:36,956 [INFO] ImportTextPane:193 - (OptionalMessage_ERROR) IP (RCC) : Parameter (USBFreq_Value) has invalid value (180000000)
2023-04-08 17:45:37,197 [INFO] UtilMem:74 - End LoadConfig() Used Memory: 487353832 Bytes (579862528)
2023-04-08 17:45:37,299 [INFO] ApiDb:580 - Connected to CubeFinder SQLite database (C:\Users\student\.stmcufinder\plugins\mcufinder\mcu\cube-finder-db.db)
2023-04-08 17:45:37,339 [INFO] ApiDb:667 - CubeFinder database Data Model version=2.1
2023-04-08 17:45:37,339 [INFO] ApiDb:668 - CubeFinder database Configuration version=3.0.35
2023-04-08 17:45:37,339 [INFO] ApiDb:669 - CubeFinder database generation date=2023-03-10 (1678456172)
2023-04-08 17:45:37,339 [INFO] ApiDb:670 - CubeFinder database FW Pack versions=[FP-ATR-ASTRA1_V1.1.1, STM32Cube_FW_C0_V1.0.1, STM32Cube_FW_F0_V1.11.4, STM32Cube_FW_F3_V1.11.4, STM32Cube_FW_F4_V1.27.1, STM32Cube_FW_F7_V1.17.0, STM32Cube_FW_G0_V1.6.1, STM32Cube_FW_G4_V1.5.1, STM32Cube_FW_H5_V0.5.1, STM32Cube_FW_H5_V1.0.0, STM32Cube_FW_H7_V1.11.0, STM32Cube_FW_L0_V1.12.2, STM32Cube_FW_L5_V1.5.0, STM32Cube_FW_U5_V1.2.0, STM32Cube_FW_WBA_V1.0.0, STM32Cube_FW_WBA_V1.0.0RC1, STM32Cube_FW_WBA_V1.0.0RC3, STM32Cube_FW_WB_V1.15.0RC1, STM32Cube_FW_WB_V1.16.0, STM32Cube_FW_WB_V1.16.0RC2, STM32Cube_FW_WL_V1.3.0, X-CUBE-ALGOBUILD_V1.3.0, X-CUBE-ALS_V1.0.1, X-CUBE-AZRTOS-F4_V1.1.0, X-CUBE-AZRTOS-F7_V1.1.0, X-CUBE-AZRTOS-G0_V1.1.0, X-CUBE-AZRTOS-G4_V1.0.0, X-CUBE-AZRTOS-H7_V3.0.0, X-CUBE-AZRTOS-L4_V1.0.0, X-CUBE-AZRTOS-L5_V1.1.0, X-CUBE-AZRTOS-WB_V1.1.0, X-CUBE-AZRTOS-WL_V1.0.0, X-CUBE-BLE1_V6.2.4, X-CUBE-BLE2_V3.3.0, X-CUBE-BLEMGR_V1.3.0, X-CUBE-EEPRMA1_V4.1.0, X-CUBE-GNSS1_V6.0.0, X-CUBE-MEMS1_V9.1.0, X-CUBE-MEMS1_V9.4.0, X-CUBE-MEMS1_V9.5.0, X-CUBE-NFC4_V3.0.0, X-CUBE-NFC7_V1.0.0, X-CUBE-SFXS2LP1_V4.0.0, X-CUBE-SUBG2_V5.0.0]
2023-04-08 17:45:38,542 [INFO] ApiDb:239 - Found 143 in-development CPN: [B-WB1M-WPAN1, B-WL5M-SUBG1, NUCLEO-C031C6, STEVAL-PROTEUS1, STEVAL-STWINBX1, STM320518-EVAL, STM32C0116-DK, STM32C011D6Y3TR, STM32C011D6Y6TR, STM32C011F4P3, STM32C011F4P6, STM32C011F4U3, STM32C011F4U6TR, STM32C011F6P3, STM32C011F6P6, STM32C011F6U3, STM32C011F6U6TR, STM32C011J4M3, STM32C011J4M6, STM32C011J6M3, STM32C011J6M6, STM32C0316-DK, STM32C031C4T3, STM32C031C4T6, STM32C031C4U3, STM32C031C4U6, STM32C031C6T3, STM32C031C6T6, STM32C031C6U3, STM32C031C6U6, STM32C031F4P3, STM32C031F4P6, STM32C031F6P3, STM32C031F6P6, STM32C031G4U3, STM32C031G4U6, STM32C031G6U3, STM32C031G6U6, STM32C031K4T3, STM32C031K4T6, STM32C031K4U3, STM32C031K4U6, STM32C031K6T3, STM32C031K6T6, STM32C031K6U3, STM32C031K6U6, STM32G071K8TXN, STM32G071K8UXN, STM32G081GBU6N, STM32G081KBT6N, STM32G081KBUXN, STM32G0B1CCT6N, STM32G0B1KCT6, STM32G0B1NEY6TR, STM32G0B1RCT6N, STM32G0C1CCT6, STM32G0C1CCT6N, STM32G0C1CCU6N, STM32G0C1CET6N, STM32G0C1CEU6N, STM32G0C1KCT6, STM32G0C1NEY6TR, STM32G0C1RCI6N, STM32G0C1RCT6N, STM32G0C1REI6N, STM32G0C1RET6N, STM32G0C1VCI6, STM32G0C1VEI6, STM32G471CCT6, STM32G471CCU6, STM32G471CET3, STM32G471CET6, STM32G471CEU3, STM32G471CEU6, STM32G471MCT6, STM32G471MET3, STM32G471MET6, STM32G471MEY6TR, STM32G471QCT6, STM32G471QET3, STM32G471RCT6, STM32G471RET3, STM32G471RET6, STM32G471VCH6, STM32G471VCI6, STM32G471VCT6, STM32G471VEH3, STM32G471VEH6, STM32G471VEI3, STM32G471VEI6, STM32G471VET3, STM32G471VET6, STM32G474CCT6, STM32L476VGY6PTR, STM32L4R5QGI6STR, STM32MP131AAE3, STM32MP131AAF3, STM32MP131AAG3, STM32MP131CAE3, STM32MP131CAF3, STM32MP131CAG3, STM32MP131DAE7, STM32MP131DAF7, STM32MP131DAG7, STM32MP131FAE7, STM32MP131FAF7, STM32MP131FAG7, STM32MP133AAE3, STM32MP133AAF3, STM32MP133AAG3, STM32MP133CAE3, STM32MP133CAF3, STM32MP133CAG3, STM32MP133DAE7, STM32MP133DAF7, STM32MP133DAG7, STM32MP133FAE7, STM32MP133FAF7, STM32MP133FAG7, STM32MP135AAE3, STM32MP135AAF3, STM32MP135AAG3, STM32MP135CAE3, STM32MP135CAF3, STM32MP135CAG3, STM32MP135DAE7, STM32MP135DAF7, STM32MP135DAG7, STM32MP135F-DK, STM32MP135FAE7, STM32MP135FAF7, STM32MP135FAF7T, STM32MP135FAF7U, STM32MP135FAG7, STM32U595ZJT6Q, STM32U599BJY6QTR, STM32U599NIH6Q, STM32U599NJH6Q, STM32U5A5ZJT6Q, STM32U5A9BJY6QTR, STM32U5A9NJH6Q, STM32WB1MMCH6, STM32WL5MOCH6TR]
2023-04-08 17:45:38,542 [INFO] DbMcus:215 - Found 3680 MCUs, 3680 are supported
2023-04-08 17:45:38,549 [INFO] ApiDb:422 - Load user favorites file C:\Users\student/.stm32cubeide/favorites.mcus.txt: 3 item(s)
2023-04-08 17:45:38,549 [INFO] ApiDb:426 - User favorites MCUs=[STM32WLE5JCI6, STM32WLE5JCI6TR, STM32WLE5JCI7]
2023-04-08 17:45:38,549 [INFO] DbMcus:221 - Set 3 / 3 favorites MCUs
2023-04-08 17:45:38,730 [WARN] ThirdParty:807 - waiting for thirdparty lock release [change project]
2023-04-08 17:45:38,730 [INFO] ThirdParty:809 - entering critical section [change project]
2023-04-08 17:45:38,730 [INFO] ThirdParty:999 - CMSIS Pack Vendor :STMicroelectronics X-CUBE-ISPU 1.1.0
2023-04-08 17:45:38,730 [INFO] ThirdParty:999 - CMSIS Pack Vendor :RoweBots I-CUBE-UNISONRTOS 5.5.0-4
2023-04-08 17:45:38,730 [INFO] ThirdParty:999 - CMSIS Pack Vendor :STMicroelectronics X-CUBE-GNSS1 6.0.0
2023-04-08 17:45:38,730 [INFO] ThirdParty:999 - CMSIS Pack Vendor :STMicroelectronics X-CUBE-AZRTOS-H7 2.1.0
2023-04-08 17:45:38,730 [INFO] ThirdParty:999 - CMSIS Pack Vendor :STMicroelectronics USB_HOST 2.0.0
2023-04-08 17:45:38,730 [INFO] ThirdParty:999 - CMSIS Pack Vendor :STMicroelectronics X-CUBE-AZRTOS-F4 1.1.0
2023-04-08 17:45:38,730 [INFO] ThirdParty:999 - CMSIS Pack Vendor :STMicroelectronics LIBJPEG 8.0.0
2023-04-08 17:45:38,730 [INFO] ThirdParty:999 - CMSIS Pack Vendor :STMicroelectronics USB_DEVICE 3.0.0
2023-04-08 17:45:38,730 [INFO] ThirdParty:999 - CMSIS Pack Vendor :STMicroelectronics X-CUBE-AI 8.0.0
2023-04-08 17:45:38,730 [INFO] ThirdParty:999 - CMSIS Pack Vendor :STMicroelectronics X-CUBE-FREERTOS 1.0.0
2023-04-08 17:45:38,730 [INFO] ThirdParty:999 - CMSIS Pack Vendor :STMicroelectronics X-CUBE-TOUCHGFX 4.21.1
2023-04-08 17:45:38,730 [INFO] ThirdParty:999 - CMSIS Pack Vendor :STMicroelectronics X-CUBE-TOUCHGFX 4.21.3
2023-04-08 17:45:38,730 [INFO] ThirdParty:999 - CMSIS Pack Vendor :STMicroelectronics X-CUBE-MEMS1 9.2.0
2023-04-08 17:45:38,730 [INFO] ThirdParty:999 - CMSIS Pack Vendor :STMicroelectronics X-CUBE-AZRTOS-F7 1.1.0
2023-04-08 17:45:38,730 [INFO] ThirdParty:999 - CMSIS Pack Vendor :STMicroelectronics USB_DEVICE 2.0.0
2023-04-08 17:45:38,730 [INFO] ThirdParty:999 - CMSIS Pack Vendor :STMicroelectronics X-CUBE-AI 7.3.0
2023-04-08 17:45:38,730 [INFO] ThirdParty:999 - CMSIS Pack Vendor :STMicroelectronics X-CUBE-AI 7.1.0
2023-04-08 17:45:38,730 [INFO] ThirdParty:999 - CMSIS Pack Vendor :STMicroelectronics X-CUBE-TOUCHGFX 4.19.1
2023-04-08 17:45:38,730 [INFO] ThirdParty:999 - CMSIS Pack Vendor :STMicroelectronics X-CUBE-BLE1 6.2.3
2023-04-08 17:45:38,730 [INFO] ThirdParty:999 - CMSIS Pack Vendor :STMicroelectronics X-CUBE-ALGOBUILD 1.3.0
2023-04-08 17:45:38,730 [INFO] ThirdParty:999 - CMSIS Pack Vendor :STMicroelectronics X-CUBE-BLE1 6.2.4
2023-04-08 17:45:38,730 [INFO] ThirdParty:999 - CMSIS Pack Vendor :STMicroelectronics X-CUBE-AZRTOS-L5 1.1.0
2023-04-08 17:45:38,730 [INFO] ThirdParty:999 - CMSIS Pack Vendor :STMicroelectronics FreeRTOS 0.0.1
2023-04-08 17:45:38,730 [INFO] ThirdParty:999 - CMSIS Pack Vendor :STMicroelectronics X-CUBE-AZRTOS-G0 1.1.0
2023-04-08 17:45:38,730 [INFO] ThirdParty:999 - CMSIS Pack Vendor :STMicroelectronics X-CUBE-BLEMGR 2.0.0
2023-04-08 17:45:38,730 [INFO] ThirdParty:999 - CMSIS Pack Vendor :STMicroelectronics X-CUBE-SUBG2 5.0.0
2023-04-08 17:45:38,730 [INFO] ThirdParty:999 - CMSIS Pack Vendor :STMicroelectronics X-CUBE-NFC4 3.0.0
2023-04-08 17:45:38,730 [INFO] ThirdParty:999 - CMSIS Pack Vendor :SEGGER I-CUBE-embOS 1.2.0
2023-04-08 17:45:38,730 [INFO] ThirdParty:999 - CMSIS Pack Vendor :STMicroelectronics STM32_WPAN 1.0.0
2023-04-08 17:45:38,730 [INFO] ThirdParty:999 - CMSIS Pack Vendor :STMicroelectronics lwIP 2.0.3
2023-04-08 17:45:38,730 [INFO] ThirdParty:999 - CMSIS Pack Vendor :STMicroelectronics X-CUBE-NFC4 2.0.4
2023-04-08 17:45:38,730 [INFO] ThirdParty:999 - CMSIS Pack Vendor :STMicroelectronics X-CUBE-BLE2 3.2.2
2023-04-08 17:45:38,730 [INFO] ThirdParty:999 - CMSIS Pack Vendor :STMicroelectronics USB_HOST 1.0.0
2023-04-08 17:45:38,730 [INFO] ThirdParty:999 - CMSIS Pack Vendor :STMicroelectronics PDM2PCM 3.1.0
2023-04-08 17:45:38,730 [INFO] ThirdParty:999 - CMSIS Pack Vendor :STMicroelectronics X-CUBE-TOF1 3.3.0
2023-04-08 17:45:38,730 [INFO] ThirdParty:999 - CMSIS Pack Vendor :STMicroelectronics FP-ATR-ASTRA1 1.1.1
2023-04-08 17:45:38,730 [INFO] ThirdParty:999 - CMSIS Pack Vendor :STMicroelectronics PDM2PCM 3.3.0
2023-04-08 17:45:38,730 [INFO] ThirdParty:999 - CMSIS Pack Vendor :STMicroelectronics X-CUBE-SFXS2LP1 3.1.0
2023-04-08 17:45:38,730 [INFO] ThirdParty:999 - CMSIS Pack Vendor :STMicroelectronics X-CUBE-DISPLAY 3.0.0
2023-04-08 17:45:38,730 [INFO] ThirdParty:999 - CMSIS Pack Vendor :STMicroelectronics X-CUBE-BLEMGR 1.3.0
2023-04-08 17:45:38,730 [INFO] ThirdParty:999 - CMSIS Pack Vendor :STMicroelectronics X-CUBE-AZRTOS-F4 1.0.0
2023-04-08 17:45:38,730 [INFO] ThirdParty:999 - CMSIS Pack Vendor :STMicroelectronics X-CUBE-AZRTOS-G4 1.0.0
2023-04-08 17:45:38,730 [INFO] ThirdParty:999 - CMSIS Pack Vendor :STMicroelectronics FP-ATR-SIGFOX1 3.2.0
2023-04-08 17:45:38,730 [INFO] ThirdParty:999 - CMSIS Pack Vendor :wolfSSL I-CUBE-wolfSSL 5.3.0
2023-04-08 17:45:38,730 [INFO] ThirdParty:999 - CMSIS Pack Vendor :STMicroelectronics X-CUBE-AZRTOS-L4 1.0.0
2023-04-08 17:45:38,730 [INFO] ThirdParty:999 - CMSIS Pack Vendor :STMicroelectronics HAL Drivers 0.0.0
2023-04-08 17:45:38,730 [INFO] ThirdParty:999 - CMSIS Pack Vendor :STMicroelectronics MBEDTLS 2.16.2
2023-04-08 17:45:38,730 [INFO] ThirdParty:999 - CMSIS Pack Vendor :emotas I-CUBE-CANOPEN 1.1.2
2023-04-08 17:45:38,730 [INFO] ThirdParty:999 - CMSIS Pack Vendor :STMicroelectronics MBEDTLS 2.14.1
2023-04-08 17:45:38,730 [INFO] ThirdParty:999 - CMSIS Pack Vendor :STMicroelectronics X-CUBE-NFC7 1.0.0
2023-04-08 17:45:38,730 [INFO] ThirdParty:999 - CMSIS Pack Vendor :STMicroelectronics X-CUBE-AZRTOS-F7 1.0.0
2023-04-08 17:45:38,730 [INFO] ThirdParty:999 - CMSIS Pack Vendor :STMicroelectronics X-CUBE-AZRTOS-WL 1.0.0
2023-04-08 17:45:38,730 [INFO] ThirdParty:999 - CMSIS Pack Vendor :STMicroelectronics X-CUBE-EEPRMA1 4.1.0
2023-04-08 17:45:38,730 [INFO] ThirdParty:999 - CMSIS Pack Vendor :portGmbH I-Cube-SoM-uGOAL 1.1.0
2023-04-08 17:45:38,730 [INFO] ThirdParty:999 - CMSIS Pack Vendor :STMicroelectronics X-CUBE-ALS 1.0.1
2023-04-08 17:45:38,730 [INFO] ThirdParty:999 - CMSIS Pack Vendor :STMicroelectronics X-CUBE-MEMS1 9.5.0
2023-04-08 17:45:38,730 [INFO] ThirdParty:999 - CMSIS Pack Vendor :STMicroelectronics ThreadX 1.0.0
2023-04-08 17:45:38,730 [INFO] ThirdParty:999 - CMSIS Pack Vendor :STMicroelectronics X-CUBE-AZRTOS-WB 1.1.0
2023-04-08 17:45:38,730 [INFO] ThirdParty:999 - CMSIS Pack Vendor :SEGGER I-CUBE-embOS 1.3.1
2023-04-08 17:45:38,730 [INFO] ThirdParty:999 - CMSIS Pack Vendor :STMicroelectronics X-CUBE-AZRTOS-L5 1.0.0
2023-04-08 17:45:38,730 [INFO] ThirdParty:999 - CMSIS Pack Vendor :STMicroelectronics USB_DEVICE 1.0.0
2023-04-08 17:45:38,730 [INFO] ThirdParty:999 - CMSIS Pack Vendor :STMicroelectronics X-CUBE-AZRTOS-G0 1.0.0
2023-04-08 17:45:38,730 [INFO] ThirdParty:999 - CMSIS Pack Vendor :STMicroelectronics X-CUBE-EEPRMA1 3.1.1
2023-04-08 17:45:38,730 [INFO] ThirdParty:999 - CMSIS Pack Vendor :STMicroelectronics X-CUBE-GNSS1 5.2.0
2023-04-08 17:45:38,730 [INFO] ThirdParty:999 - CMSIS Pack Vendor :STMicroelectronics ThreadX 0.0.2
2023-04-08 17:45:38,730 [INFO] ThirdParty:999 - CMSIS Pack Vendor :WES I-CUBE-Cesium 1.3.0
2023-04-08 17:45:38,730 [INFO] ThirdParty:999 - CMSIS Pack Vendor :STMicroelectronics lwIP 2.1.2
2023-04-08 17:45:38,730 [INFO] ThirdParty:999 - CMSIS Pack Vendor :STMicroelectronics X-CUBE-SFXS2LP1 4.0.0
2023-04-08 17:45:38,730 [INFO] ThirdParty:999 - CMSIS Pack Vendor :STMicroelectronics X-CUBE-BLE2 3.3.0
2023-04-08 17:45:38,730 [INFO] ThirdParty:999 - CMSIS Pack Vendor :STMicroelectronics X-CUBE-DISPLAY 2.2.0
2023-04-08 17:45:38,730 [INFO] ThirdParty:999 - CMSIS Pack Vendor :STMicroelectronics X-CUBE-TOF1 3.2.0
2023-04-08 17:45:38,730 [INFO] ThirdParty:999 - CMSIS Pack Vendor :STMicroelectronics PDM2PCM 3.2.0
2023-04-08 17:45:38,730 [INFO] ThirdParty:999 - CMSIS Pack Vendor :STMicroelectronics X-CUBE-AZRTOS-H7 3.0.0
2023-04-08 17:45:38,730 [INFO] ThirdParty:999 - CMSIS Pack Vendor :STMicroelectronics X-CUBE-TOF1 3.0.0
2023-04-08 17:45:38,730 [INFO] ThirdParty:815 - exiting critical section [change project]
2023-04-08 17:45:39,052 [INFO] PinOutPanel:1477 - setPackage(No Configuration,No Configuration)
2023-04-08 17:45:39,052 [INFO] PinOutPanel:1477 - setPackage(STM32F446RETx,LQFP64)
2023-04-08 17:45:39,548 [INFO] UtilMem:74 - Before build in PCC Used Memory: 510962368 Bytes (579862528)
2023-04-08 17:45:40,238 [INFO] UtilMem:74 - After build in PCC Used Memory: 474767936 Bytes (579862528)
2023-04-08 17:45:40,269 [INFO] IPUIPlugin:79 - create IPUIPlugin
2023-04-08 17:45:40,269 [INFO] IPUIPlugin:79 - create IPUIPlugin
2023-04-08 17:45:40,269 [INFO] IPUIPlugin:79 - create IPUIPlugin
2023-04-08 17:45:40,269 [INFO] IPUIPlugin:79 - create IPUIPlugin
2023-04-08 17:45:40,269 [INFO] IPUIPlugin:79 - create IPUIPlugin
2023-04-08 17:45:40,269 [INFO] IPUIPlugin:79 - create IPUIPlugin
2023-04-08 17:45:40,269 [INFO] IPUIPlugin:79 - create IPUIPlugin
2023-04-08 17:45:40,269 [INFO] IPUIPlugin:79 - create IPUIPlugin
2023-04-08 17:45:40,269 [INFO] IPUIPlugin:79 - create IPUIPlugin
2023-04-08 17:45:40,269 [INFO] IPUIPlugin:79 - create IPUIPlugin
2023-04-08 17:45:40,269 [INFO] IPUIPlugin:79 - create IPUIPlugin
2023-04-08 17:45:40,269 [INFO] IPUIPlugin:79 - create IPUIPlugin
2023-04-08 17:45:40,269 [INFO] IPUIPlugin:79 - create IPUIPlugin
2023-04-08 17:45:40,269 [INFO] IPUIPlugin:79 - create IPUIPlugin
2023-04-08 17:45:40,269 [INFO] IPUIPlugin:79 - create IPUIPlugin
2023-04-08 17:45:40,269 [INFO] IPUIPlugin:79 - create IPUIPlugin
2023-04-08 17:45:40,269 [INFO] IPUIPlugin:79 - create IPUIPlugin
2023-04-08 17:45:40,269 [INFO] IPUIPlugin:79 - create IPUIPlugin
2023-04-08 17:45:40,269 [INFO] IPUIPlugin:79 - create IPUIPlugin
2023-04-08 17:45:40,269 [INFO] IPUIPlugin:79 - create IPUIPlugin
2023-04-08 17:45:40,269 [INFO] IPUIPlugin:79 - create IPUIPlugin
2023-04-08 17:45:40,269 [INFO] IPUIPlugin:79 - create IPUIPlugin
2023-04-08 17:45:40,269 [INFO] IPUIPlugin:79 - create IPUIPlugin
2023-04-08 17:45:40,269 [INFO] IPUIPlugin:79 - create IPUIPlugin
2023-04-08 17:45:40,269 [INFO] IPUIPlugin:79 - create IPUIPlugin
2023-04-08 17:45:40,269 [INFO] IPUIPlugin:79 - create IPUIPlugin
2023-04-08 17:45:40,269 [INFO] IPUIPlugin:79 - create IPUIPlugin
2023-04-08 17:45:40,269 [INFO] IPUIPlugin:79 - create IPUIPlugin
2023-04-08 17:45:40,269 [INFO] IPUIPlugin:79 - create IPUIPlugin
2023-04-08 17:45:40,269 [INFO] IPUIPlugin:79 - create IPUIPlugin
2023-04-08 17:45:40,269 [INFO] IPUIPlugin:79 - create IPUIPlugin
2023-04-08 17:45:40,269 [INFO] IPUIPlugin:79 - create IPUIPlugin
2023-04-08 17:45:40,269 [INFO] IPUIPlugin:79 - create IPUIPlugin
2023-04-08 17:45:40,269 [INFO] IPUIPlugin:79 - create IPUIPlugin
2023-04-08 17:45:40,269 [INFO] IPUIPlugin:79 - create IPUIPlugin
2023-04-08 17:45:40,269 [INFO] IPUIPlugin:79 - create IPUIPlugin
2023-04-08 17:45:40,269 [INFO] IPUIPlugin:79 - create IPUIPlugin
2023-04-08 17:45:40,269 [INFO] IPUIPlugin:79 - create IPUIPlugin
2023-04-08 17:45:40,269 [INFO] IPUIPlugin:79 - create IPUIPlugin
2023-04-08 17:45:40,269 [INFO] IPUIPlugin:79 - create IPUIPlugin
2023-04-08 17:45:40,269 [INFO] IPUIPlugin:79 - create IPUIPlugin
2023-04-08 17:45:40,279 [INFO] IPUIPlugin:79 - create IPUIPlugin
2023-04-08 17:45:40,279 [INFO] IPUIPlugin:79 - create IPUIPlugin
2023-04-08 17:45:40,279 [INFO] IPUIPlugin:79 - create IPUIPlugin
2023-04-08 17:45:40,279 [INFO] IPUIPlugin:79 - create IPUIPlugin
2023-04-08 17:45:40,279 [INFO] IPUIPlugin:79 - create IPUIPlugin
2023-04-08 17:45:40,279 [INFO] IPUIPlugin:79 - create IPUIPlugin
2023-04-08 17:45:40,279 [INFO] IPUIPlugin:79 - create IPUIPlugin
2023-04-08 17:45:40,279 [INFO] IPUIPlugin:79 - create IPUIPlugin
2023-04-08 17:45:40,279 [INFO] IPUIPlugin:79 - create IPUIPlugin
2023-04-08 17:45:40,279 [INFO] IPUIPlugin:79 - create IPUIPlugin
2023-04-08 17:45:40,279 [INFO] IPUIPlugin:79 - create IPUIPlugin
2023-04-08 17:45:40,279 [INFO] IPUIPlugin:79 - create IPUIPlugin
2023-04-08 17:45:40,279 [INFO] IPUIPlugin:79 - create IPUIPlugin
2023-04-08 17:45:40,279 [INFO] IPUIPlugin:79 - create IPUIPlugin
2023-04-08 17:45:40,279 [INFO] IPUIPlugin:79 - create IPUIPlugin
2023-04-08 17:45:40,279 [INFO] IPUIPlugin:79 - create IPUIPlugin
2023-04-08 17:45:40,279 [INFO] IPUIPlugin:79 - create IPUIPlugin
2023-04-08 17:45:40,279 [INFO] IPUIPlugin:79 - create IPUIPlugin
2023-04-08 17:45:40,279 [INFO] IPUIPlugin:79 - create IPUIPlugin
2023-04-08 17:45:40,343 [INFO] ApiDbMcu:505 - Load IP Config File for PDM2PCM
2023-04-08 17:45:40,350 [WARN] IP:2112 - I2C_Coeff_DF not found: check if there is a RefParameter without a condition.
2023-04-08 17:45:40,350 [WARN] IP:2112 - Analog_Filter not found: check if there is a RefParameter without a condition.
2023-04-08 17:45:40,360 [WARN] IP:2112 - I2C_Coeff_DF not found: check if there is a RefParameter without a condition.
2023-04-08 17:45:40,360 [WARN] IP:2112 - Analog_Filter not found: check if there is a RefParameter without a condition.
2023-04-08 17:45:40,522 [INFO] CADModel:164 - CPN selected for project levelSTM32F446RET6
2023-04-08 17:45:40,522 [INFO] CADModel:113 - Register for checkConnection events
2023-04-08 17:45:40,584 [INFO] OpenFileManager:327 - Restore cursor
2023-04-08 17:45:40,796 [WARN] IP:2112 - I2C_Coeff_DF not found: check if there is a RefParameter without a condition.
2023-04-08 17:45:40,796 [WARN] IP:2112 - Analog_Filter not found: check if there is a RefParameter without a condition.
2023-04-08 17:45:40,796 [WARN] IP:2112 - I2C_Coeff_DF not found: check if there is a RefParameter without a condition.
2023-04-08 17:45:40,796 [WARN] IP:2112 - Analog_Filter not found: check if there is a RefParameter without a condition.
2023-04-08 17:45:40,796 [WARN] IP:2112 - I2C_Coeff_DF not found: check if there is a RefParameter without a condition.
2023-04-08 17:45:40,796 [WARN] IP:2112 - Analog_Filter not found: check if there is a RefParameter without a condition.
2023-04-08 17:45:40,796 [WARN] IP:2112 - I2C_Coeff_DF not found: check if there is a RefParameter without a condition.
2023-04-08 17:45:40,796 [WARN] IP:2112 - Analog_Filter not found: check if there is a RefParameter without a condition.
2023-04-08 17:52:26,877 [ERROR] ConfigurationRetriever:140 - IOException on connection: citools.st.com
2023-04-08 17:52:26,887 [ERROR] ConfigurationRetriever:140 - IOException on connection: citools.st.com
2023-04-08 17:52:26,887 [ERROR] ConfigurationRetriever:140 - IOException on connection: citools.st.com
2023-04-08 18:13:31,575 [ERROR] ConfigurationRetriever:140 - IOException on connection: citools.st.com
2023-04-08 18:13:31,575 [ERROR] ConfigurationRetriever:140 - IOException on connection: citools.st.com
2023-04-08 18:13:31,575 [ERROR] ConfigurationRetriever:140 - IOException on connection: citools.st.com
2023-04-08 18:16:29,340 [ERROR] ConfigurationRetriever:140 - IOException on connection: citools.st.com
2023-04-08 18:16:29,340 [ERROR] ConfigurationRetriever:140 - IOException on connection: citools.st.com
2023-04-08 18:16:29,340 [ERROR] ConfigurationRetriever:140 - IOException on connection: citools.st.com
2023-04-08 18:16:38,979 [ERROR] ConfigurationRetriever:140 - IOException on connection: citools.st.com
2023-04-08 18:16:38,979 [ERROR] ConfigurationRetriever:140 - IOException on connection: citools.st.com
2023-04-08 18:16:38,979 [ERROR] ConfigurationRetriever:140 - IOException on connection: citools.st.com
2023-04-08 18:27:06,791 [ERROR] ConfigurationRetriever:140 - IOException on connection: citools.st.com
2023-04-08 18:27:06,791 [ERROR] ConfigurationRetriever:140 - IOException on connection: citools.st.com
2023-04-08 18:27:06,791 [ERROR] ConfigurationRetriever:140 - IOException on connection: citools.st.com
2023-04-08 18:27:15,167 [ERROR] ConfigurationRetriever:140 - IOException on connection: citools.st.com
2023-04-08 18:27:15,167 [ERROR] ConfigurationRetriever:140 - IOException on connection: citools.st.com
2023-04-08 18:27:15,167 [ERROR] ConfigurationRetriever:140 - IOException on connection: citools.st.com
2023-04-08 18:28:17,376 [ERROR] ConfigurationRetriever:140 - IOException on connection: citools.st.com
2023-04-08 18:28:17,376 [ERROR] ConfigurationRetriever:140 - IOException on connection: citools.st.com
2023-04-08 18:28:17,376 [ERROR] ConfigurationRetriever:140 - IOException on connection: citools.st.com
2023-04-08 18:28:17,467 [ERROR] ConfigurationRetriever:140 - IOException on connection: citools.st.com
2023-04-08 18:28:17,467 [ERROR] ConfigurationRetriever:140 - IOException on connection: citools.st.com
2023-04-08 18:28:17,467 [ERROR] ConfigurationRetriever:140 - IOException on connection: citools.st.com
2023-04-08 18:33:23,240 [ERROR] ConfigurationRetriever:140 - IOException on connection: citools.st.com
2023-04-08 18:33:23,240 [ERROR] ConfigurationRetriever:140 - IOException on connection: citools.st.com
2023-04-08 18:33:23,240 [ERROR] ConfigurationRetriever:140 - IOException on connection: citools.st.com
2023-04-08 18:33:24,670 [ERROR] ConfigurationRetriever:140 - IOException on connection: citools.st.com
2023-04-08 18:33:24,670 [ERROR] ConfigurationRetriever:140 - IOException on connection: citools.st.com
2023-04-08 18:33:24,670 [ERROR] ConfigurationRetriever:140 - IOException on connection: citools.st.com
2023-04-08 18:47:30,810 [ERROR] ConfigurationRetriever:140 - IOException on connection: citools.st.com
2023-04-08 18:47:30,811 [ERROR] ConfigurationRetriever:140 - IOException on connection: citools.st.com
2023-04-08 18:47:30,811 [ERROR] ConfigurationRetriever:140 - IOException on connection: citools.st.com
2023-04-08 18:59:35,242 [ERROR] ConfigurationRetriever:140 - IOException on connection: citools.st.com
2023-04-08 18:59:35,242 [ERROR] ConfigurationRetriever:140 - IOException on connection: citools.st.com
2023-04-08 18:59:35,242 [ERROR] ConfigurationRetriever:140 - IOException on connection: citools.st.com
2023-04-08 18:59:36,462 [ERROR] ConfigurationRetriever:140 - IOException on connection: citools.st.com
2023-04-08 18:59:36,472 [ERROR] ConfigurationRetriever:140 - IOException on connection: citools.st.com
2023-04-08 18:59:36,472 [ERROR] ConfigurationRetriever:140 - IOException on connection: citools.st.com
2023-04-08 19:04:52,501 [ERROR] ConfigurationRetriever:140 - IOException on connection: citools.st.com
2023-04-08 19:04:52,501 [ERROR] ConfigurationRetriever:140 - IOException on connection: citools.st.com
2023-04-08 19:04:52,501 [ERROR] ConfigurationRetriever:140 - IOException on connection: citools.st.com
2023-04-08 19:04:52,603 [ERROR] ConfigurationRetriever:140 - IOException on connection: citools.st.com
2023-04-08 19:04:52,603 [ERROR] ConfigurationRetriever:140 - IOException on connection: citools.st.com
2023-04-08 19:04:52,603 [ERROR] ConfigurationRetriever:140 - IOException on connection: citools.st.com
2023-04-08 19:07:16,865 [ERROR] ConfigurationRetriever:140 - IOException on connection: citools.st.com
2023-04-08 19:07:16,865 [ERROR] ConfigurationRetriever:140 - IOException on connection: citools.st.com
2023-04-08 19:07:16,865 [ERROR] ConfigurationRetriever:140 - IOException on connection: citools.st.com
2023-04-08 19:07:19,856 [ERROR] ConfigurationRetriever:140 - IOException on connection: citools.st.com
2023-04-08 19:07:19,856 [ERROR] ConfigurationRetriever:140 - IOException on connection: citools.st.com
2023-04-08 19:07:19,856 [ERROR] ConfigurationRetriever:140 - IOException on connection: citools.st.com
2023-04-08 19:08:36,116 [ERROR] ConfigurationRetriever:140 - IOException on connection: citools.st.com
2023-04-08 19:08:36,116 [ERROR] ConfigurationRetriever:140 - IOException on connection: citools.st.com
2023-04-08 19:08:36,116 [ERROR] ConfigurationRetriever:140 - IOException on connection: citools.st.com
2023-04-08 19:08:36,237 [ERROR] ConfigurationRetriever:140 - IOException on connection: citools.st.com
2023-04-08 19:08:36,237 [ERROR] ConfigurationRetriever:140 - IOException on connection: citools.st.com
2023-04-08 19:08:36,237 [ERROR] ConfigurationRetriever:140 - IOException on connection: citools.st.com
2023-04-08 19:09:15,426 [ERROR] ConfigurationRetriever:140 - IOException on connection: citools.st.com
2023-04-08 19:09:15,436 [ERROR] ConfigurationRetriever:140 - IOException on connection: citools.st.com
2023-04-08 19:09:15,436 [ERROR] ConfigurationRetriever:140 - IOException on connection: citools.st.com
2023-04-08 19:09:15,527 [ERROR] ConfigurationRetriever:140 - IOException on connection: citools.st.com
2023-04-08 19:09:15,527 [ERROR] ConfigurationRetriever:140 - IOException on connection: citools.st.com
2023-04-08 19:09:15,527 [ERROR] ConfigurationRetriever:140 - IOException on connection: citools.st.com
2023-04-08 19:11:40,335 [ERROR] ConfigurationRetriever:140 - IOException on connection: citools.st.com
2023-04-08 19:11:40,335 [ERROR] ConfigurationRetriever:140 - IOException on connection: citools.st.com
2023-04-08 19:11:40,335 [ERROR] ConfigurationRetriever:140 - IOException on connection: citools.st.com
2023-04-08 19:11:44,159 [ERROR] ConfigurationRetriever:140 - IOException on connection: citools.st.com
2023-04-08 19:11:44,159 [ERROR] ConfigurationRetriever:140 - IOException on connection: citools.st.com
2023-04-08 19:11:44,159 [ERROR] ConfigurationRetriever:140 - IOException on connection: citools.st.com
2023-04-08 19:12:40,668 [ERROR] ConfigurationRetriever:140 - IOException on connection: citools.st.com
2023-04-08 19:12:40,668 [ERROR] ConfigurationRetriever:140 - IOException on connection: citools.st.com
2023-04-08 19:12:40,668 [ERROR] ConfigurationRetriever:140 - IOException on connection: citools.st.com
2023-04-08 19:12:40,779 [ERROR] ConfigurationRetriever:140 - IOException on connection: citools.st.com
2023-04-08 19:12:40,779 [ERROR] ConfigurationRetriever:140 - IOException on connection: citools.st.com
2023-04-08 19:12:40,779 [ERROR] ConfigurationRetriever:140 - IOException on connection: citools.st.com
2023-04-08 20:06:47,373 [ERROR] ConfigurationRetriever:140 - IOException on connection: citools.st.com
2023-04-08 20:06:47,373 [ERROR] ConfigurationRetriever:140 - IOException on connection: citools.st.com
2023-04-08 20:06:47,373 [ERROR] ConfigurationRetriever:140 - IOException on connection: citools.st.com
2023-04-08 20:06:51,461 [ERROR] ConfigurationRetriever:140 - IOException on connection: citools.st.com
2023-04-08 20:06:51,461 [ERROR] ConfigurationRetriever:140 - IOException on connection: citools.st.com
2023-04-08 20:06:51,461 [ERROR] ConfigurationRetriever:140 - IOException on connection: citools.st.com
2023-04-08 20:09:53,670 [ERROR] ConfigurationRetriever:140 - IOException on connection: citools.st.com
2023-04-08 20:09:53,680 [ERROR] ConfigurationRetriever:140 - IOException on connection: citools.st.com
2023-04-08 20:09:53,680 [ERROR] ConfigurationRetriever:140 - IOException on connection: citools.st.com
2023-04-08 20:09:53,781 [ERROR] ConfigurationRetriever:140 - IOException on connection: citools.st.com
2023-04-08 20:09:53,781 [ERROR] ConfigurationRetriever:140 - IOException on connection: citools.st.com
2023-04-08 20:09:53,781 [ERROR] ConfigurationRetriever:140 - IOException on connection: citools.st.com
2023-04-08 20:20:16,547 [ERROR] ConfigurationRetriever:140 - IOException on connection: citools.st.com
2023-04-08 20:20:16,557 [ERROR] ConfigurationRetriever:140 - IOException on connection: citools.st.com
2023-04-08 20:20:16,557 [ERROR] ConfigurationRetriever:140 - IOException on connection: citools.st.com
2023-04-08 20:20:58,309 [ERROR] ConfigurationRetriever:140 - IOException on connection: citools.st.com
2023-04-08 20:20:58,309 [ERROR] ConfigurationRetriever:140 - IOException on connection: citools.st.com
2023-04-08 20:20:58,309 [ERROR] ConfigurationRetriever:140 - IOException on connection: citools.st.com
2023-04-08 20:33:33,036 [ERROR] ConfigurationRetriever:140 - IOException on connection: citools.st.com
2023-04-08 20:33:33,036 [ERROR] ConfigurationRetriever:140 - IOException on connection: citools.st.com
2023-04-08 20:33:33,036 [ERROR] ConfigurationRetriever:140 - IOException on connection: citools.st.com
2023-04-08 20:34:24,069 [ERROR] ConfigurationRetriever:140 - IOException on connection: citools.st.com
2023-04-08 20:34:24,069 [ERROR] ConfigurationRetriever:140 - IOException on connection: citools.st.com
2023-04-08 20:34:24,069 [ERROR] ConfigurationRetriever:140 - IOException on connection: citools.st.com
2023-04-08 20:35:38,752 [ERROR] ConfigurationRetriever:140 - IOException on connection: citools.st.com
2023-04-08 20:35:38,752 [ERROR] ConfigurationRetriever:140 - IOException on connection: citools.st.com
2023-04-08 20:35:38,752 [ERROR] ConfigurationRetriever:140 - IOException on connection: citools.st.com
2023-04-08 20:35:44,258 [ERROR] ConfigurationRetriever:140 - IOException on connection: citools.st.com
2023-04-08 20:35:44,258 [ERROR] ConfigurationRetriever:140 - IOException on connection: citools.st.com
2023-04-08 20:35:44,258 [ERROR] ConfigurationRetriever:140 - IOException on connection: citools.st.com
2023-04-08 20:36:02,379 [ERROR] ConfigurationRetriever:140 - IOException on connection: citools.st.com
2023-04-08 20:36:02,379 [ERROR] ConfigurationRetriever:140 - IOException on connection: citools.st.com
2023-04-08 20:36:02,379 [ERROR] ConfigurationRetriever:140 - IOException on connection: citools.st.com
2023-04-08 20:36:42,809 [ERROR] ConfigurationRetriever:140 - IOException on connection: citools.st.com
2023-04-08 20:36:42,809 [ERROR] ConfigurationRetriever:140 - IOException on connection: citools.st.com
2023-04-08 20:36:42,809 [ERROR] ConfigurationRetriever:140 - IOException on connection: citools.st.com
2023-04-08 20:37:20,195 [ERROR] ConfigurationRetriever:140 - IOException on connection: citools.st.com
2023-04-08 20:37:20,195 [ERROR] ConfigurationRetriever:140 - IOException on connection: citools.st.com
2023-04-08 20:37:20,195 [ERROR] ConfigurationRetriever:140 - IOException on connection: citools.st.com
2023-04-08 20:40:40,479 [ERROR] ConfigurationRetriever:140 - IOException on connection: citools.st.com
2023-04-08 20:40:40,479 [ERROR] ConfigurationRetriever:140 - IOException on connection: citools.st.com
2023-04-08 20:40:40,479 [ERROR] ConfigurationRetriever:140 - IOException on connection: citools.st.com
2023-04-08 20:40:40,569 [ERROR] ConfigurationRetriever:140 - IOException on connection: citools.st.com
2023-04-08 20:40:40,569 [ERROR] ConfigurationRetriever:140 - IOException on connection: citools.st.com
2023-04-08 20:40:40,580 [ERROR] ConfigurationRetriever:140 - IOException on connection: citools.st.com
2023-04-08 20:45:34,689 [ERROR] ConfigurationRetriever:140 - IOException on connection: citools.st.com
2023-04-08 20:45:34,689 [ERROR] ConfigurationRetriever:140 - IOException on connection: citools.st.com
2023-04-08 20:45:34,689 [ERROR] ConfigurationRetriever:140 - IOException on connection: citools.st.com
2023-04-08 20:45:41,591 [ERROR] ConfigurationRetriever:140 - IOException on connection: citools.st.com
2023-04-08 20:45:41,591 [ERROR] ConfigurationRetriever:140 - IOException on connection: citools.st.com
2023-04-08 20:45:41,591 [ERROR] ConfigurationRetriever:140 - IOException on connection: citools.st.com
2023-04-08 20:46:24,317 [ERROR] ConfigurationRetriever:140 - IOException on connection: citools.st.com
2023-04-08 20:46:24,317 [ERROR] ConfigurationRetriever:140 - IOException on connection: citools.st.com
2023-04-08 20:46:24,317 [ERROR] ConfigurationRetriever:140 - IOException on connection: citools.st.com
2023-04-08 20:46:24,428 [ERROR] ConfigurationRetriever:140 - IOException on connection: citools.st.com
2023-04-08 20:46:24,428 [ERROR] ConfigurationRetriever:140 - IOException on connection: citools.st.com
2023-04-08 20:46:24,428 [ERROR] ConfigurationRetriever:140 - IOException on connection: citools.st.com
2023-04-08 20:51:35,306 [ERROR] ConfigurationRetriever:140 - IOException on connection: citools.st.com
2023-04-08 20:51:35,306 [ERROR] ConfigurationRetriever:140 - IOException on connection: citools.st.com
2023-04-08 20:51:35,306 [ERROR] ConfigurationRetriever:140 - IOException on connection: citools.st.com
2023-04-08 20:51:36,656 [ERROR] ConfigurationRetriever:140 - IOException on connection: citools.st.com
2023-04-08 20:51:36,656 [ERROR] ConfigurationRetriever:140 - IOException on connection: citools.st.com
2023-04-08 20:51:36,656 [ERROR] ConfigurationRetriever:140 - IOException on connection: citools.st.com
2023-04-08 20:52:59,665 [ERROR] ConfigurationRetriever:140 - IOException on connection: citools.st.com
2023-04-08 20:52:59,665 [ERROR] ConfigurationRetriever:140 - IOException on connection: citools.st.com
2023-04-08 20:52:59,665 [ERROR] ConfigurationRetriever:140 - IOException on connection: citools.st.com
2023-04-08 20:52:59,767 [ERROR] ConfigurationRetriever:140 - IOException on connection: citools.st.com
2023-04-08 20:52:59,767 [ERROR] ConfigurationRetriever:140 - IOException on connection: citools.st.com
2023-04-08 20:52:59,767 [ERROR] ConfigurationRetriever:140 - IOException on connection: citools.st.com
2023-04-08 20:56:08,293 [ERROR] ConfigurationRetriever:140 - IOException on connection: citools.st.com
2023-04-08 20:56:08,293 [ERROR] ConfigurationRetriever:140 - IOException on connection: citools.st.com
2023-04-08 20:56:08,293 [ERROR] ConfigurationRetriever:140 - IOException on connection: citools.st.com
2023-04-08 20:56:26,355 [ERROR] ConfigurationRetriever:140 - IOException on connection: citools.st.com
2023-04-08 20:56:26,355 [ERROR] ConfigurationRetriever:140 - IOException on connection: citools.st.com
2023-04-08 20:56:26,355 [ERROR] ConfigurationRetriever:140 - IOException on connection: citools.st.com
2023-04-08 21:17:44,264 [ERROR] ConfigurationRetriever:140 - IOException on connection: citools.st.com
2023-04-08 21:17:44,264 [ERROR] ConfigurationRetriever:140 - IOException on connection: citools.st.com
2023-04-08 21:17:44,264 [ERROR] ConfigurationRetriever:140 - IOException on connection: citools.st.com
2023-04-08 21:17:44,455 [ERROR] ConfigurationRetriever:140 - IOException on connection: citools.st.com
2023-04-08 21:17:44,455 [ERROR] ConfigurationRetriever:140 - IOException on connection: citools.st.com
2023-04-08 21:17:44,455 [ERROR] ConfigurationRetriever:140 - IOException on connection: citools.st.com
2023-04-08 22:35:32,975 [ERROR] ConfigurationRetriever:140 - IOException on connection: citools.st.com
2023-04-08 22:35:32,975 [ERROR] ConfigurationRetriever:140 - IOException on connection: citools.st.com
2023-04-08 22:35:32,975 [ERROR] ConfigurationRetriever:140 - IOException on connection: citools.st.com
2023-04-08 22:35:33,578 [INFO] JxBrowserEngine:114 - Initiate JxBrowser Engine with user profile folder
2023-04-08 22:35:35,373 [INFO] WebAppUi:459 - Close the Jxbrowser engine manually
2023-04-08 22:35:35,403 [INFO] WebAppUi:462 - Profiles folder deleted
2023-04-08 22:35:36,310 [ERROR] LogOutputStream:74 - [STDERR_REDIRECT] 
